2023-11-08 06:54:28,247 INFO o.s.b.StartupInfoLogger [restartedMain] Starting BorrowerServiceApplication using Java 20.0.1 with PID 23464 (C:\Users\emimo\Desktop\Edureka\mid-assessment\borrower-service\target\classes started by Fatima in C:\Users\emimo\Desktop\Edureka\mid-assessment\borrower-service)
2023-11-08 06:54:28,268 INFO o.s.b.SpringApplication [restartedMain] The following 1 profile is active: "local"
2023-11-08 06:54:28,444 INFO o.s.b.l.DeferredLog [restartedMain] Devtools property defaults active! Set 'spring.devtools.add-properties' to 'false' to disable
2023-11-08 06:54:28,445 INFO o.s.b.l.DeferredLog [restartedMain] For additional web related logging consider setting the 'logging.level.web' property to 'DEBUG'
2023-11-08 06:54:30,168 INFO o.s.d.r.c.RepositoryConfigurationDelegate [restartedMain] Bootstrapping Spring Data MongoDB repositories in DEFAULT mode.
2023-11-08 06:54:30,244 INFO o.s.d.r.c.RepositoryConfigurationDelegate [restartedMain] Finished Spring Data repository scanning in 70 ms. Found 1 MongoDB repository interfaces.
2023-11-08 06:54:31,166 INFO o.s.b.w.e.t.TomcatWebServer [restartedMain] Tomcat initialized with port(s): 8083 (http)
2023-11-08 06:54:31,177 INFO o.a.j.l.DirectJDKLog [restartedMain] Initializing ProtocolHandler ["http-nio-8083"]
2023-11-08 06:54:31,183 INFO o.a.j.l.DirectJDKLog [restartedMain] Starting service [Tomcat]
2023-11-08 06:54:31,184 INFO o.a.j.l.DirectJDKLog [restartedMain] Starting Servlet engine: [Apache Tomcat/10.1.15]
2023-11-08 06:54:31,270 INFO o.a.j.l.DirectJDKLog [restartedMain] Initializing Spring embedded WebApplicationContext
2023-11-08 06:54:31,273 INFO o.s.b.w.s.c.ServletWebServerApplicationContext [restartedMain] Root WebApplicationContext: initialization completed in 2824 ms
2023-11-08 06:54:31,576 INFO c.m.i.d.l.SLF4JLogger [restartedMain] MongoClient with metadata {"driver": {"name": "mongo-java-driver|sync|spring-boot", "version": "4.9.1"}, "os": {"type": "Windows", "name": "Windows 11", "architecture": "amd64", "version": "10.0"}, "platform": "Java/Oracle Corporation/20.0.1+9-29"} created with settings MongoClientSettings{readPreference=primary, writeConcern=WriteConcern{w=null, wTimeout=null ms, journal=null}, retryWrites=true, retryReads=true, readConcern=ReadConcern{level=null}, credential=null, streamFactoryFactory=null, commandListeners=[], codecRegistry=ProvidersCodecRegistry{codecProviders=[ValueCodecProvider{}, BsonValueCodecProvider{}, DBRefCodecProvider{}, DBObjectCodecProvider{}, DocumentCodecProvider{}, CollectionCodecProvider{}, IterableCodecProvider{}, MapCodecProvider{}, GeoJsonCodecProvider{}, GridFSFileCodecProvider{}, Jsr310CodecProvider{}, JsonObjectCodecProvider{}, BsonCodecProvider{}, EnumCodecProvider{}, com.mongodb.client.model.mql.ExpressionCodecProvider@20a4a719, com.mongodb.Jep395RecordCodecProvider@62b169f0]}, loggerSettings=LoggerSettings{maxDocumentLength=1000}, clusterSettings={hosts=[localhost:27017], srvServiceName=mongodb, mode=SINGLE, requiredClusterType=UNKNOWN, requiredReplicaSetName='null', serverSelector='null', clusterListeners='[]', serverSelectionTimeout='30000 ms', localThreshold='30000 ms'}, socketSettings=SocketSettings{connectTimeoutMS=10000, readTimeoutMS=0, receiveBufferSize=0, sendBufferSize=0}, heartbeatSocketSettings=SocketSettings{connectTimeoutMS=10000, readTimeoutMS=10000, receiveBufferSize=0, sendBufferSize=0}, connectionPoolSettings=ConnectionPoolSettings{maxSize=100, minSize=0, maxWaitTimeMS=120000, maxConnectionLifeTimeMS=0, maxConnectionIdleTimeMS=0, maintenanceInitialDelayMS=0, maintenanceFrequencyMS=60000, connectionPoolListeners=[], maxConnecting=2}, serverSettings=ServerSettings{heartbeatFrequencyMS=10000, minHeartbeatFrequencyMS=500, serverListeners='[]', serverMonitorListeners='[]'}, sslSettings=SslSettings{enabled=false, invalidHostNameAllowed=false, context=null}, applicationName='null', compressorList=[], uuidRepresentation=JAVA_LEGACY, serverApi=null, autoEncryptionSettings=null, contextProvider=null}
2023-11-08 06:54:31,621 INFO c.m.i.d.l.SLF4JLogger [cluster-ClusterId{value='654b85078e17a16700cde986', description='null'}-localhost:27017] Monitor thread successfully connected to server with description ServerDescription{address=localhost:27017, type=STANDALONE, state=CONNECTED, ok=true, minWireVersion=0, maxWireVersion=17, maxDocumentSize=16777216, logicalSessionTimeoutMinutes=30, roundTripTimeNanos=24235800}
2023-11-08 06:54:31,786 WARN o.s.b.d.a.OptionalLiveReloadServer [restartedMain] Unable to start LiveReload server
2023-11-08 06:54:34,113 INFO o.a.j.l.DirectJDKLog [restartedMain] Starting ProtocolHandler ["http-nio-8083"]
2023-11-08 06:54:34,157 INFO o.s.b.w.e.t.TomcatWebServer [restartedMain] Tomcat started on port(s): 8083 (http) with context path '/borrowerservice'
2023-11-08 06:54:34,170 INFO o.s.b.StartupInfoLogger [restartedMain] Started BorrowerServiceApplication in 6.998 seconds (process running for 8.772)
2023-11-08 06:56:37,800 INFO o.a.j.l.DirectJDKLog [http-nio-8083-exec-1] Initializing Spring DispatcherServlet 'dispatcherServlet'
2023-11-08 06:56:37,812 INFO o.s.w.s.FrameworkServlet [http-nio-8083-exec-1] Initializing Servlet 'dispatcherServlet'
2023-11-08 06:56:37,876 INFO o.s.w.s.FrameworkServlet [http-nio-8083-exec-1] Completed initialization in 64 ms
2023-11-08 06:58:18,899 INFO c.t.l.b.s.BorrowerService [http-nio-8083-exec-4] Book present and available for borrowing
