2023-11-07 20:14:16,837 INFO o.s.b.StartupInfoLogger [restartedMain] Starting BorrowerServiceApplication using Java 20.0.1 with PID 18880 (C:\Users\emimo\Desktop\Edureka\mid-assessment\borrower-service\target\classes started by Fatima in C:\Users\emimo\Desktop\Edureka\mid-assessment\borrower-service)
2023-11-07 20:14:16,842 INFO o.s.b.SpringApplication [restartedMain] The following 1 profile is active: "local"
2023-11-07 20:14:16,919 INFO o.s.b.l.DeferredLog [restartedMain] Devtools property defaults active! Set 'spring.devtools.add-properties' to 'false' to disable
2023-11-07 20:14:16,919 INFO o.s.b.l.DeferredLog [restartedMain] For additional web related logging consider setting the 'logging.level.web' property to 'DEBUG'
2023-11-07 20:14:17,842 INFO o.s.d.r.c.RepositoryConfigurationDelegate [restartedMain] Bootstrapping Spring Data MongoDB repositories in DEFAULT mode.
2023-11-07 20:14:17,897 INFO o.s.d.r.c.RepositoryConfigurationDelegate [restartedMain] Finished Spring Data repository scanning in 51 ms. Found 1 MongoDB repository interfaces.
2023-11-07 20:14:18,711 INFO o.s.b.w.e.t.TomcatWebServer [restartedMain] Tomcat initialized with port(s): 8083 (http)
2023-11-07 20:14:18,720 INFO o.a.j.l.DirectJDKLog [restartedMain] Initializing ProtocolHandler ["http-nio-8083"]
2023-11-07 20:14:18,724 INFO o.a.j.l.DirectJDKLog [restartedMain] Starting service [Tomcat]
2023-11-07 20:14:18,724 INFO o.a.j.l.DirectJDKLog [restartedMain] Starting Servlet engine: [Apache Tomcat/10.1.15]
2023-11-07 20:14:18,791 INFO o.a.j.l.DirectJDKLog [restartedMain] Initializing Spring embedded WebApplicationContext
2023-11-07 20:14:18,793 INFO o.s.b.w.s.c.ServletWebServerApplicationContext [restartedMain] Root WebApplicationContext: initialization completed in 1872 ms
2023-11-07 20:14:19,009 INFO c.m.i.d.l.SLF4JLogger [restartedMain] MongoClient with metadata {"driver": {"name": "mongo-java-driver|sync|spring-boot", "version": "4.9.1"}, "os": {"type": "Windows", "name": "Windows 11", "architecture": "amd64", "version": "10.0"}, "platform": "Java/Oracle Corporation/20.0.1+9-29"} created with settings MongoClientSettings{readPreference=primary, writeConcern=WriteConcern{w=null, wTimeout=null ms, journal=null}, retryWrites=true, retryReads=true, readConcern=ReadConcern{level=null}, credential=null, streamFactoryFactory=null, commandListeners=[], codecRegistry=ProvidersCodecRegistry{codecProviders=[ValueCodecProvider{}, BsonValueCodecProvider{}, DBRefCodecProvider{}, DBObjectCodecProvider{}, DocumentCodecProvider{}, CollectionCodecProvider{}, IterableCodecProvider{}, MapCodecProvider{}, GeoJsonCodecProvider{}, GridFSFileCodecProvider{}, Jsr310CodecProvider{}, JsonObjectCodecProvider{}, BsonCodecProvider{}, EnumCodecProvider{}, com.mongodb.client.model.mql.ExpressionCodecProvider@9030773, com.mongodb.Jep395RecordCodecProvider@64122cf2]}, loggerSettings=LoggerSettings{maxDocumentLength=1000}, clusterSettings={hosts=[localhost:27017], srvServiceName=mongodb, mode=SINGLE, requiredClusterType=UNKNOWN, requiredReplicaSetName='null', serverSelector='null', clusterListeners='[]', serverSelectionTimeout='30000 ms', localThreshold='30000 ms'}, socketSettings=SocketSettings{connectTimeoutMS=10000, readTimeoutMS=0, receiveBufferSize=0, sendBufferSize=0}, heartbeatSocketSettings=SocketSettings{connectTimeoutMS=10000, readTimeoutMS=10000, receiveBufferSize=0, sendBufferSize=0}, connectionPoolSettings=ConnectionPoolSettings{maxSize=100, minSize=0, maxWaitTimeMS=120000, maxConnectionLifeTimeMS=0, maxConnectionIdleTimeMS=0, maintenanceInitialDelayMS=0, maintenanceFrequencyMS=60000, connectionPoolListeners=[], maxConnecting=2}, serverSettings=ServerSettings{heartbeatFrequencyMS=10000, minHeartbeatFrequencyMS=500, serverListeners='[]', serverMonitorListeners='[]'}, sslSettings=SslSettings{enabled=false, invalidHostNameAllowed=false, context=null}, applicationName='null', compressorList=[], uuidRepresentation=JAVA_LEGACY, serverApi=null, autoEncryptionSettings=null, contextProvider=null}
2023-11-07 20:14:19,047 INFO c.m.i.d.l.SLF4JLogger [cluster-ClusterId{value='654aeefa9b366075bffe2bc7', description='null'}-localhost:27017] Monitor thread successfully connected to server with description ServerDescription{address=localhost:27017, type=STANDALONE, state=CONNECTED, ok=true, minWireVersion=0, maxWireVersion=17, maxDocumentSize=16777216, logicalSessionTimeoutMinutes=30, roundTripTimeNanos=22799000}
2023-11-07 20:14:19,166 WARN o.s.b.d.a.OptionalLiveReloadServer [restartedMain] Unable to start LiveReload server
2023-11-07 20:14:20,623 INFO o.a.j.l.DirectJDKLog [restartedMain] Starting ProtocolHandler ["http-nio-8083"]
2023-11-07 20:14:20,689 INFO o.s.b.w.e.t.TomcatWebServer [restartedMain] Tomcat started on port(s): 8083 (http) with context path '/borrowerservice'
2023-11-07 20:14:20,707 INFO o.s.b.StartupInfoLogger [restartedMain] Started BorrowerServiceApplication in 4.495 seconds (process running for 5.204)
2023-11-07 20:26:22,248 INFO o.s.b.StartupInfoLogger [restartedMain] Starting BorrowerServiceApplication using Java 20.0.1 with PID 24152 (C:\Users\emimo\Desktop\Edureka\mid-assessment\borrower-service\target\classes started by Fatima in C:\Users\emimo\Desktop\Edureka\mid-assessment\borrower-service)
2023-11-07 20:26:22,251 INFO o.s.b.SpringApplication [restartedMain] The following 1 profile is active: "local"
2023-11-07 20:26:22,314 INFO o.s.b.l.DeferredLog [restartedMain] Devtools property defaults active! Set 'spring.devtools.add-properties' to 'false' to disable
2023-11-07 20:26:22,315 INFO o.s.b.l.DeferredLog [restartedMain] For additional web related logging consider setting the 'logging.level.web' property to 'DEBUG'
2023-11-07 20:26:23,107 INFO o.s.d.r.c.RepositoryConfigurationDelegate [restartedMain] Bootstrapping Spring Data MongoDB repositories in DEFAULT mode.
2023-11-07 20:26:23,220 INFO o.s.d.r.c.RepositoryConfigurationDelegate [restartedMain] Finished Spring Data repository scanning in 102 ms. Found 1 MongoDB repository interfaces.
2023-11-07 20:26:23,898 INFO o.s.b.w.e.t.TomcatWebServer [restartedMain] Tomcat initialized with port(s): 8083 (http)
2023-11-07 20:26:23,908 INFO o.a.j.l.DirectJDKLog [restartedMain] Initializing ProtocolHandler ["http-nio-8083"]
2023-11-07 20:26:23,912 INFO o.a.j.l.DirectJDKLog [restartedMain] Starting service [Tomcat]
2023-11-07 20:26:23,912 INFO o.a.j.l.DirectJDKLog [restartedMain] Starting Servlet engine: [Apache Tomcat/10.1.15]
2023-11-07 20:26:23,967 INFO o.a.j.l.DirectJDKLog [restartedMain] Initializing Spring embedded WebApplicationContext
2023-11-07 20:26:23,968 INFO o.s.b.w.s.c.ServletWebServerApplicationContext [restartedMain] Root WebApplicationContext: initialization completed in 1653 ms
2023-11-07 20:26:24,236 INFO c.m.i.d.l.SLF4JLogger [restartedMain] MongoClient with metadata {"driver": {"name": "mongo-java-driver|sync|spring-boot", "version": "4.9.1"}, "os": {"type": "Windows", "name": "Windows 11", "architecture": "amd64", "version": "10.0"}, "platform": "Java/Oracle Corporation/20.0.1+9-29"} created with settings MongoClientSettings{readPreference=primary, writeConcern=WriteConcern{w=null, wTimeout=null ms, journal=null}, retryWrites=true, retryReads=true, readConcern=ReadConcern{level=null}, credential=null, streamFactoryFactory=null, commandListeners=[], codecRegistry=ProvidersCodecRegistry{codecProviders=[ValueCodecProvider{}, BsonValueCodecProvider{}, DBRefCodecProvider{}, DBObjectCodecProvider{}, DocumentCodecProvider{}, CollectionCodecProvider{}, IterableCodecProvider{}, MapCodecProvider{}, GeoJsonCodecProvider{}, GridFSFileCodecProvider{}, Jsr310CodecProvider{}, JsonObjectCodecProvider{}, BsonCodecProvider{}, EnumCodecProvider{}, com.mongodb.client.model.mql.ExpressionCodecProvider@5b0b1021, com.mongodb.Jep395RecordCodecProvider@46d90dc4]}, loggerSettings=LoggerSettings{maxDocumentLength=1000}, clusterSettings={hosts=[localhost:27017], srvServiceName=mongodb, mode=SINGLE, requiredClusterType=UNKNOWN, requiredReplicaSetName='null', serverSelector='null', clusterListeners='[]', serverSelectionTimeout='30000 ms', localThreshold='30000 ms'}, socketSettings=SocketSettings{connectTimeoutMS=10000, readTimeoutMS=0, receiveBufferSize=0, sendBufferSize=0}, heartbeatSocketSettings=SocketSettings{connectTimeoutMS=10000, readTimeoutMS=10000, receiveBufferSize=0, sendBufferSize=0}, connectionPoolSettings=ConnectionPoolSettings{maxSize=100, minSize=0, maxWaitTimeMS=120000, maxConnectionLifeTimeMS=0, maxConnectionIdleTimeMS=0, maintenanceInitialDelayMS=0, maintenanceFrequencyMS=60000, connectionPoolListeners=[], maxConnecting=2}, serverSettings=ServerSettings{heartbeatFrequencyMS=10000, minHeartbeatFrequencyMS=500, serverListeners='[]', serverMonitorListeners='[]'}, sslSettings=SslSettings{enabled=false, invalidHostNameAllowed=false, context=null}, applicationName='null', compressorList=[], uuidRepresentation=JAVA_LEGACY, serverApi=null, autoEncryptionSettings=null, contextProvider=null}
2023-11-07 20:26:24,260 INFO c.m.i.d.l.SLF4JLogger [cluster-ClusterId{value='654af1d088a2a24ab4437139', description='null'}-localhost:27017] Monitor thread successfully connected to server with description ServerDescription{address=localhost:27017, type=STANDALONE, state=CONNECTED, ok=true, minWireVersion=0, maxWireVersion=17, maxDocumentSize=16777216, logicalSessionTimeoutMinutes=30, roundTripTimeNanos=15494100}
2023-11-07 20:26:24,371 WARN o.s.b.d.a.OptionalLiveReloadServer [restartedMain] Unable to start LiveReload server
2023-11-07 20:26:25,706 INFO o.a.j.l.DirectJDKLog [restartedMain] Starting ProtocolHandler ["http-nio-8083"]
2023-11-07 20:26:25,744 INFO o.s.b.w.e.t.TomcatWebServer [restartedMain] Tomcat started on port(s): 8083 (http) with context path '/borrowerservice'
2023-11-07 20:26:25,759 INFO o.s.b.StartupInfoLogger [restartedMain] Started BorrowerServiceApplication in 4.15 seconds (process running for 4.733)
2023-11-07 20:51:50,541 INFO o.s.b.StartupInfoLogger [restartedMain] Starting BorrowerServiceApplication using Java 20.0.1 with PID 7368 (C:\Users\emimo\Desktop\Edureka\mid-assessment\borrower-service\target\classes started by Fatima in C:\Users\emimo\Desktop\Edureka\mid-assessment\borrower-service)
2023-11-07 20:51:50,547 INFO o.s.b.SpringApplication [restartedMain] The following 1 profile is active: "local"
2023-11-07 20:51:50,669 INFO o.s.b.l.DeferredLog [restartedMain] Devtools property defaults active! Set 'spring.devtools.add-properties' to 'false' to disable
2023-11-07 20:51:50,670 INFO o.s.b.l.DeferredLog [restartedMain] For additional web related logging consider setting the 'logging.level.web' property to 'DEBUG'
2023-11-07 20:51:52,403 INFO o.s.d.r.c.RepositoryConfigurationDelegate [restartedMain] Bootstrapping Spring Data MongoDB repositories in DEFAULT mode.
2023-11-07 20:51:52,504 INFO o.s.d.r.c.RepositoryConfigurationDelegate [restartedMain] Finished Spring Data repository scanning in 89 ms. Found 1 MongoDB repository interfaces.
2023-11-07 20:51:54,272 INFO o.s.b.w.e.t.TomcatWebServer [restartedMain] Tomcat initialized with port(s): 8083 (http)
2023-11-07 20:51:54,295 INFO o.a.j.l.DirectJDKLog [restartedMain] Initializing ProtocolHandler ["http-nio-8083"]
2023-11-07 20:51:54,302 INFO o.a.j.l.DirectJDKLog [restartedMain] Starting service [Tomcat]
2023-11-07 20:51:54,303 INFO o.a.j.l.DirectJDKLog [restartedMain] Starting Servlet engine: [Apache Tomcat/10.1.15]
2023-11-07 20:51:54,461 INFO o.a.j.l.DirectJDKLog [restartedMain] Initializing Spring embedded WebApplicationContext
2023-11-07 20:51:54,463 INFO o.s.b.w.s.c.ServletWebServerApplicationContext [restartedMain] Root WebApplicationContext: initialization completed in 3791 ms
2023-11-07 20:51:55,103 INFO c.m.i.d.l.SLF4JLogger [restartedMain] MongoClient with metadata {"driver": {"name": "mongo-java-driver|sync|spring-boot", "version": "4.9.1"}, "os": {"type": "Windows", "name": "Windows 11", "architecture": "amd64", "version": "10.0"}, "platform": "Java/Oracle Corporation/20.0.1+9-29"} created with settings MongoClientSettings{readPreference=primary, writeConcern=WriteConcern{w=null, wTimeout=null ms, journal=null}, retryWrites=true, retryReads=true, readConcern=ReadConcern{level=null}, credential=null, streamFactoryFactory=null, commandListeners=[], codecRegistry=ProvidersCodecRegistry{codecProviders=[ValueCodecProvider{}, BsonValueCodecProvider{}, DBRefCodecProvider{}, DBObjectCodecProvider{}, DocumentCodecProvider{}, CollectionCodecProvider{}, IterableCodecProvider{}, MapCodecProvider{}, GeoJsonCodecProvider{}, GridFSFileCodecProvider{}, Jsr310CodecProvider{}, JsonObjectCodecProvider{}, BsonCodecProvider{}, EnumCodecProvider{}, com.mongodb.client.model.mql.ExpressionCodecProvider@1f769246, com.mongodb.Jep395RecordCodecProvider@2f4473f]}, loggerSettings=LoggerSettings{maxDocumentLength=1000}, clusterSettings={hosts=[localhost:27017], srvServiceName=mongodb, mode=SINGLE, requiredClusterType=UNKNOWN, requiredReplicaSetName='null', serverSelector='null', clusterListeners='[]', serverSelectionTimeout='30000 ms', localThreshold='30000 ms'}, socketSettings=SocketSettings{connectTimeoutMS=10000, readTimeoutMS=0, receiveBufferSize=0, sendBufferSize=0}, heartbeatSocketSettings=SocketSettings{connectTimeoutMS=10000, readTimeoutMS=10000, receiveBufferSize=0, sendBufferSize=0}, connectionPoolSettings=ConnectionPoolSettings{maxSize=100, minSize=0, maxWaitTimeMS=120000, maxConnectionLifeTimeMS=0, maxConnectionIdleTimeMS=0, maintenanceInitialDelayMS=0, maintenanceFrequencyMS=60000, connectionPoolListeners=[], maxConnecting=2}, serverSettings=ServerSettings{heartbeatFrequencyMS=10000, minHeartbeatFrequencyMS=500, serverListeners='[]', serverMonitorListeners='[]'}, sslSettings=SslSettings{enabled=false, invalidHostNameAllowed=false, context=null}, applicationName='null', compressorList=[], uuidRepresentation=JAVA_LEGACY, serverApi=null, autoEncryptionSettings=null, contextProvider=null}
2023-11-07 20:51:55,171 INFO c.m.i.d.l.SLF4JLogger [cluster-ClusterId{value='654af7ca400b7267c12871b6', description='null'}-localhost:27017] Monitor thread successfully connected to server with description ServerDescription{address=localhost:27017, type=STANDALONE, state=CONNECTED, ok=true, minWireVersion=0, maxWireVersion=17, maxDocumentSize=16777216, logicalSessionTimeoutMinutes=30, roundTripTimeNanos=36895500}
2023-11-07 20:51:55,451 WARN o.s.b.d.a.OptionalLiveReloadServer [restartedMain] Unable to start LiveReload server
2023-11-07 20:51:57,517 INFO o.a.j.l.DirectJDKLog [restartedMain] Starting ProtocolHandler ["http-nio-8083"]
2023-11-07 20:51:57,569 INFO o.s.b.w.e.t.TomcatWebServer [restartedMain] Tomcat started on port(s): 8083 (http) with context path '/borrowerservice'
2023-11-07 20:51:57,586 INFO o.s.b.StartupInfoLogger [restartedMain] Started BorrowerServiceApplication in 8.333 seconds (process running for 9.813)
2023-11-07 21:16:01,957 INFO o.s.b.StartupInfoLogger [restartedMain] Starting BorrowerServiceApplication using Java 20.0.1 with PID 12152 (C:\Users\emimo\Desktop\Edureka\mid-assessment\borrower-service\target\classes started by Fatima in C:\Users\emimo\Desktop\Edureka\mid-assessment\borrower-service)
2023-11-07 21:16:01,960 INFO o.s.b.SpringApplication [restartedMain] The following 1 profile is active: "local"
2023-11-07 21:16:02,035 INFO o.s.b.l.DeferredLog [restartedMain] Devtools property defaults active! Set 'spring.devtools.add-properties' to 'false' to disable
2023-11-07 21:16:02,036 INFO o.s.b.l.DeferredLog [restartedMain] For additional web related logging consider setting the 'logging.level.web' property to 'DEBUG'
2023-11-07 21:16:02,913 INFO o.s.d.r.c.RepositoryConfigurationDelegate [restartedMain] Bootstrapping Spring Data MongoDB repositories in DEFAULT mode.
2023-11-07 21:16:02,974 INFO o.s.d.r.c.RepositoryConfigurationDelegate [restartedMain] Finished Spring Data repository scanning in 55 ms. Found 1 MongoDB repository interfaces.
2023-11-07 21:16:03,710 INFO o.s.b.w.e.t.TomcatWebServer [restartedMain] Tomcat initialized with port(s): 8083 (http)
2023-11-07 21:16:03,719 INFO o.a.j.l.DirectJDKLog [restartedMain] Initializing ProtocolHandler ["http-nio-8083"]
2023-11-07 21:16:03,724 INFO o.a.j.l.DirectJDKLog [restartedMain] Starting service [Tomcat]
2023-11-07 21:16:03,724 INFO o.a.j.l.DirectJDKLog [restartedMain] Starting Servlet engine: [Apache Tomcat/10.1.15]
2023-11-07 21:16:03,791 INFO o.a.j.l.DirectJDKLog [restartedMain] Initializing Spring embedded WebApplicationContext
2023-11-07 21:16:03,792 INFO o.s.b.w.s.c.ServletWebServerApplicationContext [restartedMain] Root WebApplicationContext: initialization completed in 1755 ms
2023-11-07 21:16:04,004 INFO c.m.i.d.l.SLF4JLogger [restartedMain] MongoClient with metadata {"driver": {"name": "mongo-java-driver|sync|spring-boot", "version": "4.9.1"}, "os": {"type": "Windows", "name": "Windows 11", "architecture": "amd64", "version": "10.0"}, "platform": "Java/Oracle Corporation/20.0.1+9-29"} created with settings MongoClientSettings{readPreference=primary, writeConcern=WriteConcern{w=null, wTimeout=null ms, journal=null}, retryWrites=true, retryReads=true, readConcern=ReadConcern{level=null}, credential=null, streamFactoryFactory=null, commandListeners=[], codecRegistry=ProvidersCodecRegistry{codecProviders=[ValueCodecProvider{}, BsonValueCodecProvider{}, DBRefCodecProvider{}, DBObjectCodecProvider{}, DocumentCodecProvider{}, CollectionCodecProvider{}, IterableCodecProvider{}, MapCodecProvider{}, GeoJsonCodecProvider{}, GridFSFileCodecProvider{}, Jsr310CodecProvider{}, JsonObjectCodecProvider{}, BsonCodecProvider{}, EnumCodecProvider{}, com.mongodb.client.model.mql.ExpressionCodecProvider@46d90dc4, com.mongodb.Jep395RecordCodecProvider@687f962a]}, loggerSettings=LoggerSettings{maxDocumentLength=1000}, clusterSettings={hosts=[localhost:27017], srvServiceName=mongodb, mode=SINGLE, requiredClusterType=UNKNOWN, requiredReplicaSetName='null', serverSelector='null', clusterListeners='[]', serverSelectionTimeout='30000 ms', localThreshold='30000 ms'}, socketSettings=SocketSettings{connectTimeoutMS=10000, readTimeoutMS=0, receiveBufferSize=0, sendBufferSize=0}, heartbeatSocketSettings=SocketSettings{connectTimeoutMS=10000, readTimeoutMS=10000, receiveBufferSize=0, sendBufferSize=0}, connectionPoolSettings=ConnectionPoolSettings{maxSize=100, minSize=0, maxWaitTimeMS=120000, maxConnectionLifeTimeMS=0, maxConnectionIdleTimeMS=0, maintenanceInitialDelayMS=0, maintenanceFrequencyMS=60000, connectionPoolListeners=[], maxConnecting=2}, serverSettings=ServerSettings{heartbeatFrequencyMS=10000, minHeartbeatFrequencyMS=500, serverListeners='[]', serverMonitorListeners='[]'}, sslSettings=SslSettings{enabled=false, invalidHostNameAllowed=false, context=null}, applicationName='null', compressorList=[], uuidRepresentation=JAVA_LEGACY, serverApi=null, autoEncryptionSettings=null, contextProvider=null}
2023-11-07 21:16:04,042 INFO c.m.i.d.l.SLF4JLogger [cluster-ClusterId{value='654afd73c46fe369b5141cc5', description='null'}-localhost:27017] Monitor thread successfully connected to server with description ServerDescription{address=localhost:27017, type=STANDALONE, state=CONNECTED, ok=true, minWireVersion=0, maxWireVersion=17, maxDocumentSize=16777216, logicalSessionTimeoutMinutes=30, roundTripTimeNanos=19807800}
2023-11-07 21:16:04,270 WARN o.s.b.d.a.OptionalLiveReloadServer [restartedMain] Unable to start LiveReload server
2023-11-07 21:16:05,573 INFO o.a.j.l.DirectJDKLog [restartedMain] Starting ProtocolHandler ["http-nio-8083"]
2023-11-07 21:16:05,599 INFO o.s.b.w.e.t.TomcatWebServer [restartedMain] Tomcat started on port(s): 8083 (http) with context path '/borrowerservice'
2023-11-07 21:16:05,609 INFO o.s.b.StartupInfoLogger [restartedMain] Started BorrowerServiceApplication in 4.351 seconds (process running for 5.114)
2023-11-07 21:17:59,887 INFO o.a.j.l.DirectJDKLog [http-nio-8083-exec-1] Initializing Spring DispatcherServlet 'dispatcherServlet'
2023-11-07 21:17:59,898 INFO o.s.w.s.FrameworkServlet [http-nio-8083-exec-1] Initializing Servlet 'dispatcherServlet'
2023-11-07 21:17:59,939 INFO o.s.w.s.FrameworkServlet [http-nio-8083-exec-1] Completed initialization in 40 ms
2023-11-07 21:18:00,001 ERROR o.a.j.l.DirectJDKLog [http-nio-8083-exec-1] Servlet.service() for servlet [dispatcherServlet] in context with path [/borrowerservice] threw exception [Request processing failed: java.lang.IllegalStateException: Ambiguous handler methods mapped for '/borrowerservice/borrowers/Book2': {org.springframework.http.ResponseEntity com.tcs.library.borrowerservice.contoller.BorrowerController.borrowABook(java.lang.String), java.util.Optional com.tcs.library.borrowerservice.contoller.BorrowerController.getBorrowerById(java.lang.String)}] with root cause
java.lang.IllegalStateException: Ambiguous handler methods mapped for '/borrowerservice/borrowers/Book2': {org.springframework.http.ResponseEntity com.tcs.library.borrowerservice.contoller.BorrowerController.borrowABook(java.lang.String), java.util.Optional com.tcs.library.borrowerservice.contoller.BorrowerController.getBorrowerById(java.lang.String)}
	at org.springframework.web.servlet.handler.AbstractHandlerMethodMapping.lookupHandlerMethod(AbstractHandlerMethodMapping.java:431)
	at org.springframework.web.servlet.handler.AbstractHandlerMethodMapping.getHandlerInternal(AbstractHandlerMethodMapping.java:382)
	at org.springframework.web.servlet.mvc.method.RequestMappingInfoHandlerMapping.getHandlerInternal(RequestMappingInfoHandlerMapping.java:126)
	at org.springframework.web.servlet.mvc.method.RequestMappingInfoHandlerMapping.getHandlerInternal(RequestMappingInfoHandlerMapping.java:68)
	at org.springframework.web.servlet.handler.AbstractHandlerMapping.getHandler(AbstractHandlerMapping.java:505)
	at org.springframework.web.servlet.DispatcherServlet.getHandler(DispatcherServlet.java:1275)
	at org.springframework.web.servlet.DispatcherServlet.doDispatch(DispatcherServlet.java:1057)
	at org.springframework.web.servlet.DispatcherServlet.doService(DispatcherServlet.java:974)
	at org.springframework.web.servlet.FrameworkServlet.processRequest(FrameworkServlet.java:1011)
	at org.springframework.web.servlet.FrameworkServlet.doGet(FrameworkServlet.java:903)
	at jakarta.servlet.http.HttpServlet.service(HttpServlet.java:564)
	at org.springframework.web.servlet.FrameworkServlet.service(FrameworkServlet.java:885)
	at jakarta.servlet.http.HttpServlet.service(HttpServlet.java:658)
	at org.apache.catalina.core.ApplicationFilterChain.internalDoFilter(ApplicationFilterChain.java:205)
	at org.apache.catalina.core.ApplicationFilterChain.doFilter(ApplicationFilterChain.java:149)
	at org.apache.tomcat.websocket.server.WsFilter.doFilter(WsFilter.java:51)
	at org.apache.catalina.core.ApplicationFilterChain.internalDoFilter(ApplicationFilterChain.java:174)
	at org.apache.catalina.core.ApplicationFilterChain.doFilter(ApplicationFilterChain.java:149)
	at org.springframework.web.filter.RequestContextFilter.doFilterInternal(RequestContextFilter.java:100)
	at org.springframework.web.filter.OncePerRequestFilter.doFilter(OncePerRequestFilter.java:116)
	at org.apache.catalina.core.ApplicationFilterChain.internalDoFilter(ApplicationFilterChain.java:174)
	at org.apache.catalina.core.ApplicationFilterChain.doFilter(ApplicationFilterChain.java:149)
	at org.springframework.web.filter.FormContentFilter.doFilterInternal(FormContentFilter.java:93)
	at org.springframework.web.filter.OncePerRequestFilter.doFilter(OncePerRequestFilter.java:116)
	at org.apache.catalina.core.ApplicationFilterChain.internalDoFilter(ApplicationFilterChain.java:174)
	at org.apache.catalina.core.ApplicationFilterChain.doFilter(ApplicationFilterChain.java:149)
	at org.springframework.web.filter.CharacterEncodingFilter.doFilterInternal(CharacterEncodingFilter.java:201)
	at org.springframework.web.filter.OncePerRequestFilter.doFilter(OncePerRequestFilter.java:116)
	at org.apache.catalina.core.ApplicationFilterChain.internalDoFilter(ApplicationFilterChain.java:174)
	at org.apache.catalina.core.ApplicationFilterChain.doFilter(ApplicationFilterChain.java:149)
	at org.apache.catalina.core.StandardWrapperValve.invoke(StandardWrapperValve.java:167)
	at org.apache.catalina.core.StandardContextValve.invoke(StandardContextValve.java:90)
	at org.apache.catalina.authenticator.AuthenticatorBase.invoke(AuthenticatorBase.java:482)
	at org.apache.catalina.core.StandardHostValve.invoke(StandardHostValve.java:115)
	at org.apache.catalina.valves.ErrorReportValve.invoke(ErrorReportValve.java:93)
	at org.apache.catalina.core.StandardEngineValve.invoke(StandardEngineValve.java:74)
	at org.apache.catalina.connector.CoyoteAdapter.service(CoyoteAdapter.java:340)
	at org.apache.coyote.http11.Http11Processor.service(Http11Processor.java:391)
	at org.apache.coyote.AbstractProcessorLight.process(AbstractProcessorLight.java:63)
	at org.apache.coyote.AbstractProtocol$ConnectionHandler.process(AbstractProtocol.java:896)
	at org.apache.tomcat.util.net.NioEndpoint$SocketProcessor.doRun(NioEndpoint.java:1744)
	at org.apache.tomcat.util.net.SocketProcessorBase.run(SocketProcessorBase.java:52)
	at org.apache.tomcat.util.threads.ThreadPoolExecutor.runWorker(ThreadPoolExecutor.java:1191)
	at org.apache.tomcat.util.threads.ThreadPoolExecutor$Worker.run(ThreadPoolExecutor.java:659)
	at org.apache.tomcat.util.threads.TaskThread$WrappingRunnable.run(TaskThread.java:61)
	at java.base/java.lang.Thread.run(Thread.java:1623)
2023-11-07 21:19:22,344 INFO o.s.b.StartupInfoLogger [restartedMain] Starting BorrowerServiceApplication using Java 20.0.1 with PID 8068 (C:\Users\emimo\Desktop\Edureka\mid-assessment\borrower-service\target\classes started by Fatima in C:\Users\emimo\Desktop\Edureka\mid-assessment\borrower-service)
2023-11-07 21:19:22,347 INFO o.s.b.SpringApplication [restartedMain] The following 1 profile is active: "local"
2023-11-07 21:19:22,432 INFO o.s.b.l.DeferredLog [restartedMain] Devtools property defaults active! Set 'spring.devtools.add-properties' to 'false' to disable
2023-11-07 21:19:22,433 INFO o.s.b.l.DeferredLog [restartedMain] For additional web related logging consider setting the 'logging.level.web' property to 'DEBUG'
2023-11-07 21:19:23,386 INFO o.s.d.r.c.RepositoryConfigurationDelegate [restartedMain] Bootstrapping Spring Data MongoDB repositories in DEFAULT mode.
2023-11-07 21:19:23,456 INFO o.s.d.r.c.RepositoryConfigurationDelegate [restartedMain] Finished Spring Data repository scanning in 62 ms. Found 1 MongoDB repository interfaces.
2023-11-07 21:19:24,154 INFO o.s.b.w.e.t.TomcatWebServer [restartedMain] Tomcat initialized with port(s): 8083 (http)
2023-11-07 21:19:24,165 INFO o.a.j.l.DirectJDKLog [restartedMain] Initializing ProtocolHandler ["http-nio-8083"]
2023-11-07 21:19:24,170 INFO o.a.j.l.DirectJDKLog [restartedMain] Starting service [Tomcat]
2023-11-07 21:19:24,170 INFO o.a.j.l.DirectJDKLog [restartedMain] Starting Servlet engine: [Apache Tomcat/10.1.15]
2023-11-07 21:19:24,244 INFO o.a.j.l.DirectJDKLog [restartedMain] Initializing Spring embedded WebApplicationContext
2023-11-07 21:19:24,245 INFO o.s.b.w.s.c.ServletWebServerApplicationContext [restartedMain] Root WebApplicationContext: initialization completed in 1812 ms
2023-11-07 21:19:24,501 INFO c.m.i.d.l.SLF4JLogger [restartedMain] MongoClient with metadata {"driver": {"name": "mongo-java-driver|sync|spring-boot", "version": "4.9.1"}, "os": {"type": "Windows", "name": "Windows 11", "architecture": "amd64", "version": "10.0"}, "platform": "Java/Oracle Corporation/20.0.1+9-29"} created with settings MongoClientSettings{readPreference=primary, writeConcern=WriteConcern{w=null, wTimeout=null ms, journal=null}, retryWrites=true, retryReads=true, readConcern=ReadConcern{level=null}, credential=null, streamFactoryFactory=null, commandListeners=[], codecRegistry=ProvidersCodecRegistry{codecProviders=[ValueCodecProvider{}, BsonValueCodecProvider{}, DBRefCodecProvider{}, DBObjectCodecProvider{}, DocumentCodecProvider{}, CollectionCodecProvider{}, IterableCodecProvider{}, MapCodecProvider{}, GeoJsonCodecProvider{}, GridFSFileCodecProvider{}, Jsr310CodecProvider{}, JsonObjectCodecProvider{}, BsonCodecProvider{}, EnumCodecProvider{}, com.mongodb.client.model.mql.ExpressionCodecProvider@2dc5529e, com.mongodb.Jep395RecordCodecProvider@2f2fe5a4]}, loggerSettings=LoggerSettings{maxDocumentLength=1000}, clusterSettings={hosts=[localhost:27017], srvServiceName=mongodb, mode=SINGLE, requiredClusterType=UNKNOWN, requiredReplicaSetName='null', serverSelector='null', clusterListeners='[]', serverSelectionTimeout='30000 ms', localThreshold='30000 ms'}, socketSettings=SocketSettings{connectTimeoutMS=10000, readTimeoutMS=0, receiveBufferSize=0, sendBufferSize=0}, heartbeatSocketSettings=SocketSettings{connectTimeoutMS=10000, readTimeoutMS=10000, receiveBufferSize=0, sendBufferSize=0}, connectionPoolSettings=ConnectionPoolSettings{maxSize=100, minSize=0, maxWaitTimeMS=120000, maxConnectionLifeTimeMS=0, maxConnectionIdleTimeMS=0, maintenanceInitialDelayMS=0, maintenanceFrequencyMS=60000, connectionPoolListeners=[], maxConnecting=2}, serverSettings=ServerSettings{heartbeatFrequencyMS=10000, minHeartbeatFrequencyMS=500, serverListeners='[]', serverMonitorListeners='[]'}, sslSettings=SslSettings{enabled=false, invalidHostNameAllowed=false, context=null}, applicationName='null', compressorList=[], uuidRepresentation=JAVA_LEGACY, serverApi=null, autoEncryptionSettings=null, contextProvider=null}
2023-11-07 21:19:24,564 INFO c.m.i.d.l.SLF4JLogger [cluster-ClusterId{value='654afe3c4168c91054402f71', description='null'}-localhost:27017] Monitor thread successfully connected to server with description ServerDescription{address=localhost:27017, type=STANDALONE, state=CONNECTED, ok=true, minWireVersion=0, maxWireVersion=17, maxDocumentSize=16777216, logicalSessionTimeoutMinutes=30, roundTripTimeNanos=30686400}
2023-11-07 21:19:24,756 WARN o.s.b.d.a.OptionalLiveReloadServer [restartedMain] Unable to start LiveReload server
2023-11-07 21:19:26,010 INFO o.a.j.l.DirectJDKLog [restartedMain] Starting ProtocolHandler ["http-nio-8083"]
2023-11-07 21:19:26,054 INFO o.s.b.w.e.t.TomcatWebServer [restartedMain] Tomcat started on port(s): 8083 (http) with context path '/borrowerservice'
2023-11-07 21:19:26,063 INFO o.s.b.StartupInfoLogger [restartedMain] Started BorrowerServiceApplication in 4.589 seconds (process running for 5.385)
2023-11-07 21:19:45,234 INFO o.s.b.StartupInfoLogger [restartedMain] Starting BorrowerServiceApplication using Java 20.0.1 with PID 7216 (C:\Users\emimo\Desktop\Edureka\mid-assessment\borrower-service\target\classes started by Fatima in C:\Users\emimo\Desktop\Edureka\mid-assessment\borrower-service)
2023-11-07 21:19:45,238 INFO o.s.b.SpringApplication [restartedMain] The following 1 profile is active: "local"
2023-11-07 21:19:45,333 INFO o.s.b.l.DeferredLog [restartedMain] Devtools property defaults active! Set 'spring.devtools.add-properties' to 'false' to disable
2023-11-07 21:19:45,334 INFO o.s.b.l.DeferredLog [restartedMain] For additional web related logging consider setting the 'logging.level.web' property to 'DEBUG'
2023-11-07 21:19:46,617 INFO o.s.d.r.c.RepositoryConfigurationDelegate [restartedMain] Bootstrapping Spring Data MongoDB repositories in DEFAULT mode.
2023-11-07 21:19:46,800 INFO o.s.d.r.c.RepositoryConfigurationDelegate [restartedMain] Finished Spring Data repository scanning in 172 ms. Found 1 MongoDB repository interfaces.
2023-11-07 21:19:48,267 INFO o.s.b.w.e.t.TomcatWebServer [restartedMain] Tomcat initialized with port(s): 8083 (http)
2023-11-07 21:19:48,285 INFO o.a.j.l.DirectJDKLog [restartedMain] Initializing ProtocolHandler ["http-nio-8083"]
2023-11-07 21:19:48,294 INFO o.a.j.l.DirectJDKLog [restartedMain] Starting service [Tomcat]
2023-11-07 21:19:48,295 INFO o.a.j.l.DirectJDKLog [restartedMain] Starting Servlet engine: [Apache Tomcat/10.1.15]
2023-11-07 21:19:48,488 INFO o.a.j.l.DirectJDKLog [restartedMain] Initializing Spring embedded WebApplicationContext
2023-11-07 21:19:48,493 INFO o.s.b.w.s.c.ServletWebServerApplicationContext [restartedMain] Root WebApplicationContext: initialization completed in 3154 ms
2023-11-07 21:19:48,873 INFO c.m.i.d.l.SLF4JLogger [restartedMain] MongoClient with metadata {"driver": {"name": "mongo-java-driver|sync|spring-boot", "version": "4.9.1"}, "os": {"type": "Windows", "name": "Windows 11", "architecture": "amd64", "version": "10.0"}, "platform": "Java/Oracle Corporation/20.0.1+9-29"} created with settings MongoClientSettings{readPreference=primary, writeConcern=WriteConcern{w=null, wTimeout=null ms, journal=null}, retryWrites=true, retryReads=true, readConcern=ReadConcern{level=null}, credential=null, streamFactoryFactory=null, commandListeners=[], codecRegistry=ProvidersCodecRegistry{codecProviders=[ValueCodecProvider{}, BsonValueCodecProvider{}, DBRefCodecProvider{}, DBObjectCodecProvider{}, DocumentCodecProvider{}, CollectionCodecProvider{}, IterableCodecProvider{}, MapCodecProvider{}, GeoJsonCodecProvider{}, GridFSFileCodecProvider{}, Jsr310CodecProvider{}, JsonObjectCodecProvider{}, BsonCodecProvider{}, EnumCodecProvider{}, com.mongodb.client.model.mql.ExpressionCodecProvider@4a3b2433, com.mongodb.Jep395RecordCodecProvider@21ea0556]}, loggerSettings=LoggerSettings{maxDocumentLength=1000}, clusterSettings={hosts=[localhost:27017], srvServiceName=mongodb, mode=SINGLE, requiredClusterType=UNKNOWN, requiredReplicaSetName='null', serverSelector='null', clusterListeners='[]', serverSelectionTimeout='30000 ms', localThreshold='30000 ms'}, socketSettings=SocketSettings{connectTimeoutMS=10000, readTimeoutMS=0, receiveBufferSize=0, sendBufferSize=0}, heartbeatSocketSettings=SocketSettings{connectTimeoutMS=10000, readTimeoutMS=10000, receiveBufferSize=0, sendBufferSize=0}, connectionPoolSettings=ConnectionPoolSettings{maxSize=100, minSize=0, maxWaitTimeMS=120000, maxConnectionLifeTimeMS=0, maxConnectionIdleTimeMS=0, maintenanceInitialDelayMS=0, maintenanceFrequencyMS=60000, connectionPoolListeners=[], maxConnecting=2}, serverSettings=ServerSettings{heartbeatFrequencyMS=10000, minHeartbeatFrequencyMS=500, serverListeners='[]', serverMonitorListeners='[]'}, sslSettings=SslSettings{enabled=false, invalidHostNameAllowed=false, context=null}, applicationName='null', compressorList=[], uuidRepresentation=JAVA_LEGACY, serverApi=null, autoEncryptionSettings=null, contextProvider=null}
2023-11-07 21:19:48,922 INFO c.m.i.d.l.SLF4JLogger [cluster-ClusterId{value='654afe542fb3c57420db3c88', description='null'}-localhost:27017] Monitor thread successfully connected to server with description ServerDescription{address=localhost:27017, type=STANDALONE, state=CONNECTED, ok=true, minWireVersion=0, maxWireVersion=17, maxDocumentSize=16777216, logicalSessionTimeoutMinutes=30, roundTripTimeNanos=28722200}
2023-11-07 21:19:49,126 WARN o.s.b.d.a.OptionalLiveReloadServer [restartedMain] Unable to start LiveReload server
2023-11-07 21:19:51,221 INFO o.a.j.l.DirectJDKLog [restartedMain] Starting ProtocolHandler ["http-nio-8083"]
2023-11-07 21:19:51,283 INFO o.s.b.w.e.t.TomcatWebServer [restartedMain] Tomcat started on port(s): 8083 (http) with context path '/borrowerservice'
2023-11-07 21:19:51,297 INFO o.s.b.StartupInfoLogger [restartedMain] Started BorrowerServiceApplication in 6.92 seconds (process running for 8.326)
2023-11-07 21:20:04,502 INFO o.a.j.l.DirectJDKLog [http-nio-8083-exec-2] Initializing Spring DispatcherServlet 'dispatcherServlet'
2023-11-07 21:20:04,504 INFO o.s.w.s.FrameworkServlet [http-nio-8083-exec-2] Initializing Servlet 'dispatcherServlet'
2023-11-07 21:20:04,505 INFO o.s.w.s.FrameworkServlet [http-nio-8083-exec-2] Completed initialization in 1 ms
2023-11-07 21:20:04,944 INFO c.t.l.b.s.BorrowerService [http-nio-8083-exec-2] Book present and available for borrowing
2023-11-07 21:20:05,053 ERROR c.t.l.b.c.BorrowerController [http-nio-8083-exec-2] Exception in borrowing book - book service is down
2023-11-07 21:21:06,240 INFO o.s.b.StartupInfoLogger [restartedMain] Starting BorrowerServiceApplication using Java 20.0.1 with PID 22968 (C:\Users\emimo\Desktop\Edureka\mid-assessment\borrower-service\target\classes started by Fatima in C:\Users\emimo\Desktop\Edureka\mid-assessment\borrower-service)
2023-11-07 21:21:06,244 INFO o.s.b.SpringApplication [restartedMain] The following 1 profile is active: "local"
2023-11-07 21:21:06,333 INFO o.s.b.l.DeferredLog [restartedMain] Devtools property defaults active! Set 'spring.devtools.add-properties' to 'false' to disable
2023-11-07 21:21:06,334 INFO o.s.b.l.DeferredLog [restartedMain] For additional web related logging consider setting the 'logging.level.web' property to 'DEBUG'
2023-11-07 21:21:07,619 INFO o.s.d.r.c.RepositoryConfigurationDelegate [restartedMain] Bootstrapping Spring Data MongoDB repositories in DEFAULT mode.
2023-11-07 21:21:07,673 INFO o.s.d.r.c.RepositoryConfigurationDelegate [restartedMain] Finished Spring Data repository scanning in 48 ms. Found 1 MongoDB repository interfaces.
2023-11-07 21:21:08,665 INFO o.s.b.w.e.t.TomcatWebServer [restartedMain] Tomcat initialized with port(s): 8083 (http)
2023-11-07 21:21:08,675 INFO o.a.j.l.DirectJDKLog [restartedMain] Initializing ProtocolHandler ["http-nio-8083"]
2023-11-07 21:21:08,680 INFO o.a.j.l.DirectJDKLog [restartedMain] Starting service [Tomcat]
2023-11-07 21:21:08,680 INFO o.a.j.l.DirectJDKLog [restartedMain] Starting Servlet engine: [Apache Tomcat/10.1.15]
2023-11-07 21:21:08,769 INFO o.a.j.l.DirectJDKLog [restartedMain] Initializing Spring embedded WebApplicationContext
2023-11-07 21:21:08,770 INFO o.s.b.w.s.c.ServletWebServerApplicationContext [restartedMain] Root WebApplicationContext: initialization completed in 2435 ms
2023-11-07 21:21:09,034 INFO c.m.i.d.l.SLF4JLogger [restartedMain] MongoClient with metadata {"driver": {"name": "mongo-java-driver|sync|spring-boot", "version": "4.9.1"}, "os": {"type": "Windows", "name": "Windows 11", "architecture": "amd64", "version": "10.0"}, "platform": "Java/Oracle Corporation/20.0.1+9-29"} created with settings MongoClientSettings{readPreference=primary, writeConcern=WriteConcern{w=null, wTimeout=null ms, journal=null}, retryWrites=true, retryReads=true, readConcern=ReadConcern{level=null}, credential=null, streamFactoryFactory=null, commandListeners=[], codecRegistry=ProvidersCodecRegistry{codecProviders=[ValueCodecProvider{}, BsonValueCodecProvider{}, DBRefCodecProvider{}, DBObjectCodecProvider{}, DocumentCodecProvider{}, CollectionCodecProvider{}, IterableCodecProvider{}, MapCodecProvider{}, GeoJsonCodecProvider{}, GridFSFileCodecProvider{}, Jsr310CodecProvider{}, JsonObjectCodecProvider{}, BsonCodecProvider{}, EnumCodecProvider{}, com.mongodb.client.model.mql.ExpressionCodecProvider@155eed67, com.mongodb.Jep395RecordCodecProvider@2cac9275]}, loggerSettings=LoggerSettings{maxDocumentLength=1000}, clusterSettings={hosts=[localhost:27017], srvServiceName=mongodb, mode=SINGLE, requiredClusterType=UNKNOWN, requiredReplicaSetName='null', serverSelector='null', clusterListeners='[]', serverSelectionTimeout='30000 ms', localThreshold='30000 ms'}, socketSettings=SocketSettings{connectTimeoutMS=10000, readTimeoutMS=0, receiveBufferSize=0, sendBufferSize=0}, heartbeatSocketSettings=SocketSettings{connectTimeoutMS=10000, readTimeoutMS=10000, receiveBufferSize=0, sendBufferSize=0}, connectionPoolSettings=ConnectionPoolSettings{maxSize=100, minSize=0, maxWaitTimeMS=120000, maxConnectionLifeTimeMS=0, maxConnectionIdleTimeMS=0, maintenanceInitialDelayMS=0, maintenanceFrequencyMS=60000, connectionPoolListeners=[], maxConnecting=2}, serverSettings=ServerSettings{heartbeatFrequencyMS=10000, minHeartbeatFrequencyMS=500, serverListeners='[]', serverMonitorListeners='[]'}, sslSettings=SslSettings{enabled=false, invalidHostNameAllowed=false, context=null}, applicationName='null', compressorList=[], uuidRepresentation=JAVA_LEGACY, serverApi=null, autoEncryptionSettings=null, contextProvider=null}
2023-11-07 21:21:09,073 INFO c.m.i.d.l.SLF4JLogger [cluster-ClusterId{value='654afea49537f0208bbd16eb', description='null'}-localhost:27017] Monitor thread successfully connected to server with description ServerDescription{address=localhost:27017, type=STANDALONE, state=CONNECTED, ok=true, minWireVersion=0, maxWireVersion=17, maxDocumentSize=16777216, logicalSessionTimeoutMinutes=30, roundTripTimeNanos=22776200}
2023-11-07 21:21:09,246 WARN o.s.b.d.a.OptionalLiveReloadServer [restartedMain] Unable to start LiveReload server
2023-11-07 21:21:10,941 INFO o.a.j.l.DirectJDKLog [restartedMain] Starting ProtocolHandler ["http-nio-8083"]
2023-11-07 21:21:10,993 INFO o.s.b.w.e.t.TomcatWebServer [restartedMain] Tomcat started on port(s): 8083 (http) with context path '/borrowerservice'
2023-11-07 21:21:11,006 INFO o.s.b.StartupInfoLogger [restartedMain] Started BorrowerServiceApplication in 5.402 seconds (process running for 6.13)
2023-11-07 21:21:29,592 INFO o.a.j.l.DirectJDKLog [http-nio-8083-exec-1] Initializing Spring DispatcherServlet 'dispatcherServlet'
2023-11-07 21:21:29,593 INFO o.s.w.s.FrameworkServlet [http-nio-8083-exec-1] Initializing Servlet 'dispatcherServlet'
2023-11-07 21:21:29,605 INFO o.s.w.s.FrameworkServlet [http-nio-8083-exec-1] Completed initialization in 9 ms
2023-11-07 21:21:53,062 INFO c.t.l.b.s.BorrowerService [http-nio-8083-exec-1] Book present and available for borrowing
2023-11-07 21:24:25,655 ERROR c.t.l.b.c.BorrowerController [http-nio-8083-exec-1] Exception in borrowing book - book service is down
2023-11-07 21:26:41,056 INFO c.t.l.b.s.BorrowerService [http-nio-8083-exec-4] Book present and available for borrowing
2023-11-07 21:28:10,800 ERROR c.t.l.b.c.BorrowerController [http-nio-8083-exec-4] Exception in borrowing book - book service is down
2023-11-07 21:30:19,211 INFO o.s.b.StartupInfoLogger [restartedMain] Starting BorrowerServiceApplication using Java 20.0.1 with PID 10372 (C:\Users\emimo\Desktop\Edureka\mid-assessment\borrower-service\target\classes started by Fatima in C:\Users\emimo\Desktop\Edureka\mid-assessment\borrower-service)
2023-11-07 21:30:19,224 INFO o.s.b.SpringApplication [restartedMain] The following 1 profile is active: "local"
2023-11-07 21:30:19,455 INFO o.s.b.l.DeferredLog [restartedMain] Devtools property defaults active! Set 'spring.devtools.add-properties' to 'false' to disable
2023-11-07 21:30:19,456 INFO o.s.b.l.DeferredLog [restartedMain] For additional web related logging consider setting the 'logging.level.web' property to 'DEBUG'
2023-11-07 21:30:20,623 INFO o.s.d.r.c.RepositoryConfigurationDelegate [restartedMain] Bootstrapping Spring Data MongoDB repositories in DEFAULT mode.
2023-11-07 21:30:20,698 INFO o.s.d.r.c.RepositoryConfigurationDelegate [restartedMain] Finished Spring Data repository scanning in 68 ms. Found 1 MongoDB repository interfaces.
2023-11-07 21:30:21,504 INFO o.s.b.w.e.t.TomcatWebServer [restartedMain] Tomcat initialized with port(s): 8083 (http)
2023-11-07 21:30:21,512 INFO o.a.j.l.DirectJDKLog [restartedMain] Initializing ProtocolHandler ["http-nio-8083"]
2023-11-07 21:30:21,516 INFO o.a.j.l.DirectJDKLog [restartedMain] Starting service [Tomcat]
2023-11-07 21:30:21,516 INFO o.a.j.l.DirectJDKLog [restartedMain] Starting Servlet engine: [Apache Tomcat/10.1.15]
2023-11-07 21:30:21,574 INFO o.a.j.l.DirectJDKLog [restartedMain] Initializing Spring embedded WebApplicationContext
2023-11-07 21:30:21,575 INFO o.s.b.w.s.c.ServletWebServerApplicationContext [restartedMain] Root WebApplicationContext: initialization completed in 2116 ms
2023-11-07 21:30:21,830 INFO c.m.i.d.l.SLF4JLogger [restartedMain] MongoClient with metadata {"driver": {"name": "mongo-java-driver|sync|spring-boot", "version": "4.9.1"}, "os": {"type": "Windows", "name": "Windows 11", "architecture": "amd64", "version": "10.0"}, "platform": "Java/Oracle Corporation/20.0.1+9-29"} created with settings MongoClientSettings{readPreference=primary, writeConcern=WriteConcern{w=null, wTimeout=null ms, journal=null}, retryWrites=true, retryReads=true, readConcern=ReadConcern{level=null}, credential=null, streamFactoryFactory=null, commandListeners=[], codecRegistry=ProvidersCodecRegistry{codecProviders=[ValueCodecProvider{}, BsonValueCodecProvider{}, DBRefCodecProvider{}, DBObjectCodecProvider{}, DocumentCodecProvider{}, CollectionCodecProvider{}, IterableCodecProvider{}, MapCodecProvider{}, GeoJsonCodecProvider{}, GridFSFileCodecProvider{}, Jsr310CodecProvider{}, JsonObjectCodecProvider{}, BsonCodecProvider{}, EnumCodecProvider{}, com.mongodb.client.model.mql.ExpressionCodecProvider@70bb8bae, com.mongodb.Jep395RecordCodecProvider@3af35a5d]}, loggerSettings=LoggerSettings{maxDocumentLength=1000}, clusterSettings={hosts=[localhost:27017], srvServiceName=mongodb, mode=SINGLE, requiredClusterType=UNKNOWN, requiredReplicaSetName='null', serverSelector='null', clusterListeners='[]', serverSelectionTimeout='30000 ms', localThreshold='30000 ms'}, socketSettings=SocketSettings{connectTimeoutMS=10000, readTimeoutMS=0, receiveBufferSize=0, sendBufferSize=0}, heartbeatSocketSettings=SocketSettings{connectTimeoutMS=10000, readTimeoutMS=10000, receiveBufferSize=0, sendBufferSize=0}, connectionPoolSettings=ConnectionPoolSettings{maxSize=100, minSize=0, maxWaitTimeMS=120000, maxConnectionLifeTimeMS=0, maxConnectionIdleTimeMS=0, maintenanceInitialDelayMS=0, maintenanceFrequencyMS=60000, connectionPoolListeners=[], maxConnecting=2}, serverSettings=ServerSettings{heartbeatFrequencyMS=10000, minHeartbeatFrequencyMS=500, serverListeners='[]', serverMonitorListeners='[]'}, sslSettings=SslSettings{enabled=false, invalidHostNameAllowed=false, context=null}, applicationName='null', compressorList=[], uuidRepresentation=JAVA_LEGACY, serverApi=null, autoEncryptionSettings=null, contextProvider=null}
2023-11-07 21:30:21,862 INFO c.m.i.d.l.SLF4JLogger [cluster-ClusterId{value='654b00cd07d636075e05370e', description='null'}-localhost:27017] Monitor thread successfully connected to server with description ServerDescription{address=localhost:27017, type=STANDALONE, state=CONNECTED, ok=true, minWireVersion=0, maxWireVersion=17, maxDocumentSize=16777216, logicalSessionTimeoutMinutes=30, roundTripTimeNanos=20275300}
2023-11-07 21:30:22,024 WARN o.s.b.d.a.OptionalLiveReloadServer [restartedMain] Unable to start LiveReload server
2023-11-07 21:30:23,201 INFO o.a.j.l.DirectJDKLog [restartedMain] Starting ProtocolHandler ["http-nio-8083"]
2023-11-07 21:30:23,239 INFO o.s.b.w.e.t.TomcatWebServer [restartedMain] Tomcat started on port(s): 8083 (http) with context path '/borrowerservice'
2023-11-07 21:30:23,261 INFO o.s.b.StartupInfoLogger [restartedMain] Started BorrowerServiceApplication in 5.717 seconds (process running for 6.846)
2023-11-07 21:30:53,240 INFO o.a.j.l.DirectJDKLog [http-nio-8083-exec-1] Initializing Spring DispatcherServlet 'dispatcherServlet'
2023-11-07 21:30:53,245 INFO o.s.w.s.FrameworkServlet [http-nio-8083-exec-1] Initializing Servlet 'dispatcherServlet'
2023-11-07 21:30:53,258 INFO o.s.w.s.FrameworkServlet [http-nio-8083-exec-1] Completed initialization in 12 ms
2023-11-07 21:32:31,613 INFO o.s.b.StartupInfoLogger [restartedMain] Starting BorrowerServiceApplication using Java 20.0.1 with PID 19672 (C:\Users\emimo\Desktop\Edureka\mid-assessment\borrower-service\target\classes started by Fatima in C:\Users\emimo\Desktop\Edureka\mid-assessment\borrower-service)
2023-11-07 21:32:31,616 INFO o.s.b.SpringApplication [restartedMain] The following 1 profile is active: "local"
2023-11-07 21:32:31,699 INFO o.s.b.l.DeferredLog [restartedMain] Devtools property defaults active! Set 'spring.devtools.add-properties' to 'false' to disable
2023-11-07 21:32:31,699 INFO o.s.b.l.DeferredLog [restartedMain] For additional web related logging consider setting the 'logging.level.web' property to 'DEBUG'
2023-11-07 21:32:32,721 INFO o.s.d.r.c.RepositoryConfigurationDelegate [restartedMain] Bootstrapping Spring Data MongoDB repositories in DEFAULT mode.
2023-11-07 21:32:32,795 INFO o.s.d.r.c.RepositoryConfigurationDelegate [restartedMain] Finished Spring Data repository scanning in 67 ms. Found 1 MongoDB repository interfaces.
2023-11-07 21:32:33,592 INFO o.s.b.w.e.t.TomcatWebServer [restartedMain] Tomcat initialized with port(s): 8083 (http)
2023-11-07 21:32:33,600 INFO o.a.j.l.DirectJDKLog [restartedMain] Initializing ProtocolHandler ["http-nio-8083"]
2023-11-07 21:32:33,603 INFO o.a.j.l.DirectJDKLog [restartedMain] Starting service [Tomcat]
2023-11-07 21:32:33,603 INFO o.a.j.l.DirectJDKLog [restartedMain] Starting Servlet engine: [Apache Tomcat/10.1.15]
2023-11-07 21:32:33,662 INFO o.a.j.l.DirectJDKLog [restartedMain] Initializing Spring embedded WebApplicationContext
2023-11-07 21:32:33,663 INFO o.s.b.w.s.c.ServletWebServerApplicationContext [restartedMain] Root WebApplicationContext: initialization completed in 1963 ms
2023-11-07 21:32:33,866 INFO c.m.i.d.l.SLF4JLogger [restartedMain] MongoClient with metadata {"driver": {"name": "mongo-java-driver|sync|spring-boot", "version": "4.9.1"}, "os": {"type": "Windows", "name": "Windows 11", "architecture": "amd64", "version": "10.0"}, "platform": "Java/Oracle Corporation/20.0.1+9-29"} created with settings MongoClientSettings{readPreference=primary, writeConcern=WriteConcern{w=null, wTimeout=null ms, journal=null}, retryWrites=true, retryReads=true, readConcern=ReadConcern{level=null}, credential=null, streamFactoryFactory=null, commandListeners=[], codecRegistry=ProvidersCodecRegistry{codecProviders=[ValueCodecProvider{}, BsonValueCodecProvider{}, DBRefCodecProvider{}, DBObjectCodecProvider{}, DocumentCodecProvider{}, CollectionCodecProvider{}, IterableCodecProvider{}, MapCodecProvider{}, GeoJsonCodecProvider{}, GridFSFileCodecProvider{}, Jsr310CodecProvider{}, JsonObjectCodecProvider{}, BsonCodecProvider{}, EnumCodecProvider{}, com.mongodb.client.model.mql.ExpressionCodecProvider@774cc932, com.mongodb.Jep395RecordCodecProvider@14a51496]}, loggerSettings=LoggerSettings{maxDocumentLength=1000}, clusterSettings={hosts=[localhost:27017], srvServiceName=mongodb, mode=SINGLE, requiredClusterType=UNKNOWN, requiredReplicaSetName='null', serverSelector='null', clusterListeners='[]', serverSelectionTimeout='30000 ms', localThreshold='30000 ms'}, socketSettings=SocketSettings{connectTimeoutMS=10000, readTimeoutMS=0, receiveBufferSize=0, sendBufferSize=0}, heartbeatSocketSettings=SocketSettings{connectTimeoutMS=10000, readTimeoutMS=10000, receiveBufferSize=0, sendBufferSize=0}, connectionPoolSettings=ConnectionPoolSettings{maxSize=100, minSize=0, maxWaitTimeMS=120000, maxConnectionLifeTimeMS=0, maxConnectionIdleTimeMS=0, maintenanceInitialDelayMS=0, maintenanceFrequencyMS=60000, connectionPoolListeners=[], maxConnecting=2}, serverSettings=ServerSettings{heartbeatFrequencyMS=10000, minHeartbeatFrequencyMS=500, serverListeners='[]', serverMonitorListeners='[]'}, sslSettings=SslSettings{enabled=false, invalidHostNameAllowed=false, context=null}, applicationName='null', compressorList=[], uuidRepresentation=JAVA_LEGACY, serverApi=null, autoEncryptionSettings=null, contextProvider=null}
2023-11-07 21:32:33,902 INFO c.m.i.d.l.SLF4JLogger [cluster-ClusterId{value='654b015148b3117280f9c0d7', description='null'}-localhost:27017] Monitor thread successfully connected to server with description ServerDescription{address=localhost:27017, type=STANDALONE, state=CONNECTED, ok=true, minWireVersion=0, maxWireVersion=17, maxDocumentSize=16777216, logicalSessionTimeoutMinutes=30, roundTripTimeNanos=27101300}
2023-11-07 21:32:34,023 WARN o.s.b.d.a.OptionalLiveReloadServer [restartedMain] Unable to start LiveReload server
2023-11-07 21:32:35,139 INFO o.a.j.l.DirectJDKLog [restartedMain] Starting ProtocolHandler ["http-nio-8083"]
2023-11-07 21:32:35,165 INFO o.s.b.w.e.t.TomcatWebServer [restartedMain] Tomcat started on port(s): 8083 (http) with context path '/borrowerservice'
2023-11-07 21:32:35,175 INFO o.s.b.StartupInfoLogger [restartedMain] Started BorrowerServiceApplication in 4.256 seconds (process running for 4.937)
2023-11-07 21:35:18,549 INFO o.s.b.StartupInfoLogger [restartedMain] Starting BorrowerServiceApplication using Java 20.0.1 with PID 2100 (C:\Users\emimo\Desktop\Edureka\mid-assessment\borrower-service\target\classes started by Fatima in C:\Users\emimo\Desktop\Edureka\mid-assessment\borrower-service)
2023-11-07 21:35:18,552 INFO o.s.b.SpringApplication [restartedMain] The following 1 profile is active: "local"
2023-11-07 21:35:18,627 INFO o.s.b.l.DeferredLog [restartedMain] Devtools property defaults active! Set 'spring.devtools.add-properties' to 'false' to disable
2023-11-07 21:35:18,628 INFO o.s.b.l.DeferredLog [restartedMain] For additional web related logging consider setting the 'logging.level.web' property to 'DEBUG'
2023-11-07 21:35:19,570 INFO o.s.d.r.c.RepositoryConfigurationDelegate [restartedMain] Bootstrapping Spring Data MongoDB repositories in DEFAULT mode.
2023-11-07 21:35:19,624 INFO o.s.d.r.c.RepositoryConfigurationDelegate [restartedMain] Finished Spring Data repository scanning in 49 ms. Found 1 MongoDB repository interfaces.
2023-11-07 21:35:20,234 INFO o.s.b.w.e.t.TomcatWebServer [restartedMain] Tomcat initialized with port(s): 8083 (http)
2023-11-07 21:35:20,242 INFO o.a.j.l.DirectJDKLog [restartedMain] Initializing ProtocolHandler ["http-nio-8083"]
2023-11-07 21:35:20,245 INFO o.a.j.l.DirectJDKLog [restartedMain] Starting service [Tomcat]
2023-11-07 21:35:20,245 INFO o.a.j.l.DirectJDKLog [restartedMain] Starting Servlet engine: [Apache Tomcat/10.1.15]
2023-11-07 21:35:20,328 INFO o.a.j.l.DirectJDKLog [restartedMain] Initializing Spring embedded WebApplicationContext
2023-11-07 21:35:20,329 INFO o.s.b.w.s.c.ServletWebServerApplicationContext [restartedMain] Root WebApplicationContext: initialization completed in 1700 ms
2023-11-07 21:35:20,564 INFO c.m.i.d.l.SLF4JLogger [restartedMain] MongoClient with metadata {"driver": {"name": "mongo-java-driver|sync|spring-boot", "version": "4.9.1"}, "os": {"type": "Windows", "name": "Windows 11", "architecture": "amd64", "version": "10.0"}, "platform": "Java/Oracle Corporation/20.0.1+9-29"} created with settings MongoClientSettings{readPreference=primary, writeConcern=WriteConcern{w=null, wTimeout=null ms, journal=null}, retryWrites=true, retryReads=true, readConcern=ReadConcern{level=null}, credential=null, streamFactoryFactory=null, commandListeners=[], codecRegistry=ProvidersCodecRegistry{codecProviders=[ValueCodecProvider{}, BsonValueCodecProvider{}, DBRefCodecProvider{}, DBObjectCodecProvider{}, DocumentCodecProvider{}, CollectionCodecProvider{}, IterableCodecProvider{}, MapCodecProvider{}, GeoJsonCodecProvider{}, GridFSFileCodecProvider{}, Jsr310CodecProvider{}, JsonObjectCodecProvider{}, BsonCodecProvider{}, EnumCodecProvider{}, com.mongodb.client.model.mql.ExpressionCodecProvider@40e92554, com.mongodb.Jep395RecordCodecProvider@103bea28]}, loggerSettings=LoggerSettings{maxDocumentLength=1000}, clusterSettings={hosts=[localhost:27017], srvServiceName=mongodb, mode=SINGLE, requiredClusterType=UNKNOWN, requiredReplicaSetName='null', serverSelector='null', clusterListeners='[]', serverSelectionTimeout='30000 ms', localThreshold='30000 ms'}, socketSettings=SocketSettings{connectTimeoutMS=10000, readTimeoutMS=0, receiveBufferSize=0, sendBufferSize=0}, heartbeatSocketSettings=SocketSettings{connectTimeoutMS=10000, readTimeoutMS=10000, receiveBufferSize=0, sendBufferSize=0}, connectionPoolSettings=ConnectionPoolSettings{maxSize=100, minSize=0, maxWaitTimeMS=120000, maxConnectionLifeTimeMS=0, maxConnectionIdleTimeMS=0, maintenanceInitialDelayMS=0, maintenanceFrequencyMS=60000, connectionPoolListeners=[], maxConnecting=2}, serverSettings=ServerSettings{heartbeatFrequencyMS=10000, minHeartbeatFrequencyMS=500, serverListeners='[]', serverMonitorListeners='[]'}, sslSettings=SslSettings{enabled=false, invalidHostNameAllowed=false, context=null}, applicationName='null', compressorList=[], uuidRepresentation=JAVA_LEGACY, serverApi=null, autoEncryptionSettings=null, contextProvider=null}
2023-11-07 21:35:20,591 INFO c.m.i.d.l.SLF4JLogger [cluster-ClusterId{value='654b01f885a7d66962ee4906', description='null'}-localhost:27017] Monitor thread successfully connected to server with description ServerDescription{address=localhost:27017, type=STANDALONE, state=CONNECTED, ok=true, minWireVersion=0, maxWireVersion=17, maxDocumentSize=16777216, logicalSessionTimeoutMinutes=30, roundTripTimeNanos=16560000}
2023-11-07 21:35:20,710 WARN o.s.b.d.a.OptionalLiveReloadServer [restartedMain] Unable to start LiveReload server
2023-11-07 21:35:22,037 INFO o.a.j.l.DirectJDKLog [restartedMain] Starting ProtocolHandler ["http-nio-8083"]
2023-11-07 21:35:22,074 INFO o.s.b.w.e.t.TomcatWebServer [restartedMain] Tomcat started on port(s): 8083 (http) with context path '/borrowerservice'
2023-11-07 21:35:22,089 INFO o.s.b.StartupInfoLogger [restartedMain] Started BorrowerServiceApplication in 4.286 seconds (process running for 5.115)
2023-11-07 21:35:32,784 INFO o.a.j.l.DirectJDKLog [http-nio-8083-exec-3] Initializing Spring DispatcherServlet 'dispatcherServlet'
2023-11-07 21:35:32,785 INFO o.s.w.s.FrameworkServlet [http-nio-8083-exec-3] Initializing Servlet 'dispatcherServlet'
2023-11-07 21:35:32,787 INFO o.s.w.s.FrameworkServlet [http-nio-8083-exec-3] Completed initialization in 1 ms
2023-11-07 21:36:00,455 INFO c.t.l.b.s.BorrowerService [http-nio-8083-exec-3] Book present and available for borrowing
2023-11-07 21:42:13,858 ERROR c.t.l.b.c.BorrowerController [http-nio-8083-exec-3] Exception in borrowing book - book service is down
2023-11-07 21:42:23,321 INFO o.s.b.StartupInfoLogger [restartedMain] Starting BorrowerServiceApplication using Java 20.0.1 with PID 15396 (C:\Users\emimo\Desktop\Edureka\mid-assessment\borrower-service\target\classes started by Fatima in C:\Users\emimo\Desktop\Edureka\mid-assessment\borrower-service)
2023-11-07 21:42:23,324 INFO o.s.b.SpringApplication [restartedMain] The following 1 profile is active: "local"
2023-11-07 21:42:23,402 INFO o.s.b.l.DeferredLog [restartedMain] Devtools property defaults active! Set 'spring.devtools.add-properties' to 'false' to disable
2023-11-07 21:42:23,402 INFO o.s.b.l.DeferredLog [restartedMain] For additional web related logging consider setting the 'logging.level.web' property to 'DEBUG'
2023-11-07 21:42:24,460 INFO o.s.d.r.c.RepositoryConfigurationDelegate [restartedMain] Bootstrapping Spring Data MongoDB repositories in DEFAULT mode.
2023-11-07 21:42:24,543 INFO o.s.d.r.c.RepositoryConfigurationDelegate [restartedMain] Finished Spring Data repository scanning in 74 ms. Found 1 MongoDB repository interfaces.
2023-11-07 21:42:25,274 INFO o.s.b.w.e.t.TomcatWebServer [restartedMain] Tomcat initialized with port(s): 8083 (http)
2023-11-07 21:42:25,284 INFO o.a.j.l.DirectJDKLog [restartedMain] Initializing ProtocolHandler ["http-nio-8083"]
2023-11-07 21:42:25,287 INFO o.a.j.l.DirectJDKLog [restartedMain] Starting service [Tomcat]
2023-11-07 21:42:25,289 INFO o.a.j.l.DirectJDKLog [restartedMain] Starting Servlet engine: [Apache Tomcat/10.1.15]
2023-11-07 21:42:25,361 INFO o.a.j.l.DirectJDKLog [restartedMain] Initializing Spring embedded WebApplicationContext
2023-11-07 21:42:25,362 INFO o.s.b.w.s.c.ServletWebServerApplicationContext [restartedMain] Root WebApplicationContext: initialization completed in 1959 ms
2023-11-07 21:42:25,567 INFO c.m.i.d.l.SLF4JLogger [restartedMain] MongoClient with metadata {"driver": {"name": "mongo-java-driver|sync|spring-boot", "version": "4.9.1"}, "os": {"type": "Windows", "name": "Windows 11", "architecture": "amd64", "version": "10.0"}, "platform": "Java/Oracle Corporation/20.0.1+9-29"} created with settings MongoClientSettings{readPreference=primary, writeConcern=WriteConcern{w=null, wTimeout=null ms, journal=null}, retryWrites=true, retryReads=true, readConcern=ReadConcern{level=null}, credential=null, streamFactoryFactory=null, commandListeners=[], codecRegistry=ProvidersCodecRegistry{codecProviders=[ValueCodecProvider{}, BsonValueCodecProvider{}, DBRefCodecProvider{}, DBObjectCodecProvider{}, DocumentCodecProvider{}, CollectionCodecProvider{}, IterableCodecProvider{}, MapCodecProvider{}, GeoJsonCodecProvider{}, GridFSFileCodecProvider{}, Jsr310CodecProvider{}, JsonObjectCodecProvider{}, BsonCodecProvider{}, EnumCodecProvider{}, com.mongodb.client.model.mql.ExpressionCodecProvider@5b9754da, com.mongodb.Jep395RecordCodecProvider@4fd13257]}, loggerSettings=LoggerSettings{maxDocumentLength=1000}, clusterSettings={hosts=[localhost:27017], srvServiceName=mongodb, mode=SINGLE, requiredClusterType=UNKNOWN, requiredReplicaSetName='null', serverSelector='null', clusterListeners='[]', serverSelectionTimeout='30000 ms', localThreshold='30000 ms'}, socketSettings=SocketSettings{connectTimeoutMS=10000, readTimeoutMS=0, receiveBufferSize=0, sendBufferSize=0}, heartbeatSocketSettings=SocketSettings{connectTimeoutMS=10000, readTimeoutMS=10000, receiveBufferSize=0, sendBufferSize=0}, connectionPoolSettings=ConnectionPoolSettings{maxSize=100, minSize=0, maxWaitTimeMS=120000, maxConnectionLifeTimeMS=0, maxConnectionIdleTimeMS=0, maintenanceInitialDelayMS=0, maintenanceFrequencyMS=60000, connectionPoolListeners=[], maxConnecting=2}, serverSettings=ServerSettings{heartbeatFrequencyMS=10000, minHeartbeatFrequencyMS=500, serverListeners='[]', serverMonitorListeners='[]'}, sslSettings=SslSettings{enabled=false, invalidHostNameAllowed=false, context=null}, applicationName='null', compressorList=[], uuidRepresentation=JAVA_LEGACY, serverApi=null, autoEncryptionSettings=null, contextProvider=null}
2023-11-07 21:42:25,599 INFO c.m.i.d.l.SLF4JLogger [cluster-ClusterId{value='654b03a11f92d91722ca9bd8', description='null'}-localhost:27017] Monitor thread successfully connected to server with description ServerDescription{address=localhost:27017, type=STANDALONE, state=CONNECTED, ok=true, minWireVersion=0, maxWireVersion=17, maxDocumentSize=16777216, logicalSessionTimeoutMinutes=30, roundTripTimeNanos=17917500}
2023-11-07 21:42:25,732 WARN o.s.b.d.a.OptionalLiveReloadServer [restartedMain] Unable to start LiveReload server
2023-11-07 21:42:27,361 INFO o.a.j.l.DirectJDKLog [restartedMain] Starting ProtocolHandler ["http-nio-8083"]
2023-11-07 21:42:27,383 INFO o.s.b.w.e.t.TomcatWebServer [restartedMain] Tomcat started on port(s): 8083 (http) with context path '/borrowerservice'
2023-11-07 21:42:27,394 INFO o.s.b.StartupInfoLogger [restartedMain] Started BorrowerServiceApplication in 4.893 seconds (process running for 5.936)
2023-11-07 21:43:15,965 INFO o.s.b.StartupInfoLogger [restartedMain] Starting BorrowerServiceApplication using Java 20.0.1 with PID 18448 (C:\Users\emimo\Desktop\Edureka\mid-assessment\borrower-service\target\classes started by Fatima in C:\Users\emimo\Desktop\Edureka\mid-assessment\borrower-service)
2023-11-07 21:43:15,968 INFO o.s.b.SpringApplication [restartedMain] The following 1 profile is active: "local"
2023-11-07 21:43:16,042 INFO o.s.b.l.DeferredLog [restartedMain] Devtools property defaults active! Set 'spring.devtools.add-properties' to 'false' to disable
2023-11-07 21:43:16,042 INFO o.s.b.l.DeferredLog [restartedMain] For additional web related logging consider setting the 'logging.level.web' property to 'DEBUG'
2023-11-07 21:43:16,838 INFO o.s.d.r.c.RepositoryConfigurationDelegate [restartedMain] Bootstrapping Spring Data MongoDB repositories in DEFAULT mode.
2023-11-07 21:43:16,936 INFO o.s.d.r.c.RepositoryConfigurationDelegate [restartedMain] Finished Spring Data repository scanning in 89 ms. Found 1 MongoDB repository interfaces.
2023-11-07 21:43:17,645 INFO o.s.b.w.e.t.TomcatWebServer [restartedMain] Tomcat initialized with port(s): 8083 (http)
2023-11-07 21:43:17,656 INFO o.a.j.l.DirectJDKLog [restartedMain] Initializing ProtocolHandler ["http-nio-8083"]
2023-11-07 21:43:17,659 INFO o.a.j.l.DirectJDKLog [restartedMain] Starting service [Tomcat]
2023-11-07 21:43:17,659 INFO o.a.j.l.DirectJDKLog [restartedMain] Starting Servlet engine: [Apache Tomcat/10.1.15]
2023-11-07 21:43:17,715 INFO o.a.j.l.DirectJDKLog [restartedMain] Initializing Spring embedded WebApplicationContext
2023-11-07 21:43:17,716 INFO o.s.b.w.s.c.ServletWebServerApplicationContext [restartedMain] Root WebApplicationContext: initialization completed in 1672 ms
2023-11-07 21:43:17,974 INFO c.m.i.d.l.SLF4JLogger [restartedMain] MongoClient with metadata {"driver": {"name": "mongo-java-driver|sync|spring-boot", "version": "4.9.1"}, "os": {"type": "Windows", "name": "Windows 11", "architecture": "amd64", "version": "10.0"}, "platform": "Java/Oracle Corporation/20.0.1+9-29"} created with settings MongoClientSettings{readPreference=primary, writeConcern=WriteConcern{w=null, wTimeout=null ms, journal=null}, retryWrites=true, retryReads=true, readConcern=ReadConcern{level=null}, credential=null, streamFactoryFactory=null, commandListeners=[], codecRegistry=ProvidersCodecRegistry{codecProviders=[ValueCodecProvider{}, BsonValueCodecProvider{}, DBRefCodecProvider{}, DBObjectCodecProvider{}, DocumentCodecProvider{}, CollectionCodecProvider{}, IterableCodecProvider{}, MapCodecProvider{}, GeoJsonCodecProvider{}, GridFSFileCodecProvider{}, Jsr310CodecProvider{}, JsonObjectCodecProvider{}, BsonCodecProvider{}, EnumCodecProvider{}, com.mongodb.client.model.mql.ExpressionCodecProvider@6a660630, com.mongodb.Jep395RecordCodecProvider@9166918]}, loggerSettings=LoggerSettings{maxDocumentLength=1000}, clusterSettings={hosts=[localhost:27017], srvServiceName=mongodb, mode=SINGLE, requiredClusterType=UNKNOWN, requiredReplicaSetName='null', serverSelector='null', clusterListeners='[]', serverSelectionTimeout='30000 ms', localThreshold='30000 ms'}, socketSettings=SocketSettings{connectTimeoutMS=10000, readTimeoutMS=0, receiveBufferSize=0, sendBufferSize=0}, heartbeatSocketSettings=SocketSettings{connectTimeoutMS=10000, readTimeoutMS=10000, receiveBufferSize=0, sendBufferSize=0}, connectionPoolSettings=ConnectionPoolSettings{maxSize=100, minSize=0, maxWaitTimeMS=120000, maxConnectionLifeTimeMS=0, maxConnectionIdleTimeMS=0, maintenanceInitialDelayMS=0, maintenanceFrequencyMS=60000, connectionPoolListeners=[], maxConnecting=2}, serverSettings=ServerSettings{heartbeatFrequencyMS=10000, minHeartbeatFrequencyMS=500, serverListeners='[]', serverMonitorListeners='[]'}, sslSettings=SslSettings{enabled=false, invalidHostNameAllowed=false, context=null}, applicationName='null', compressorList=[], uuidRepresentation=JAVA_LEGACY, serverApi=null, autoEncryptionSettings=null, contextProvider=null}
2023-11-07 21:43:17,998 INFO c.m.i.d.l.SLF4JLogger [cluster-ClusterId{value='654b03d5026b0538441aaea7', description='null'}-localhost:27017] Monitor thread successfully connected to server with description ServerDescription{address=localhost:27017, type=STANDALONE, state=CONNECTED, ok=true, minWireVersion=0, maxWireVersion=17, maxDocumentSize=16777216, logicalSessionTimeoutMinutes=30, roundTripTimeNanos=17254700}
2023-11-07 21:43:18,101 WARN o.s.b.d.a.OptionalLiveReloadServer [restartedMain] Unable to start LiveReload server
2023-11-07 21:43:19,382 INFO o.a.j.l.DirectJDKLog [restartedMain] Starting ProtocolHandler ["http-nio-8083"]
2023-11-07 21:43:19,408 INFO o.s.b.w.e.t.TomcatWebServer [restartedMain] Tomcat started on port(s): 8083 (http) with context path '/borrowerservice'
2023-11-07 21:43:19,415 INFO o.s.b.StartupInfoLogger [restartedMain] Started BorrowerServiceApplication in 4.067 seconds (process running for 4.614)
2023-11-07 21:43:42,350 INFO o.a.j.l.DirectJDKLog [http-nio-8083-exec-2] Initializing Spring DispatcherServlet 'dispatcherServlet'
2023-11-07 21:43:42,353 INFO o.s.w.s.FrameworkServlet [http-nio-8083-exec-2] Initializing Servlet 'dispatcherServlet'
2023-11-07 21:43:42,365 INFO o.s.w.s.FrameworkServlet [http-nio-8083-exec-2] Completed initialization in 12 ms
2023-11-07 21:44:08,660 INFO c.t.l.b.s.BorrowerService [http-nio-8083-exec-2] Book present and available for borrowing
2023-11-07 21:47:54,731 ERROR c.t.l.b.c.BorrowerController [http-nio-8083-exec-2] Exception in borrowing book - book service is down
2023-11-07 21:52:34,712 INFO o.s.b.StartupInfoLogger [restartedMain] Starting BorrowerServiceApplication using Java 20.0.1 with PID 22940 (C:\Users\emimo\Desktop\Edureka\mid-assessment\borrower-service\target\classes started by Fatima in C:\Users\emimo\Desktop\Edureka\mid-assessment\borrower-service)
2023-11-07 21:52:34,716 INFO o.s.b.SpringApplication [restartedMain] The following 1 profile is active: "local"
2023-11-07 21:52:34,800 INFO o.s.b.l.DeferredLog [restartedMain] Devtools property defaults active! Set 'spring.devtools.add-properties' to 'false' to disable
2023-11-07 21:52:34,800 INFO o.s.b.l.DeferredLog [restartedMain] For additional web related logging consider setting the 'logging.level.web' property to 'DEBUG'
2023-11-07 21:52:35,545 INFO o.s.d.r.c.RepositoryConfigurationDelegate [restartedMain] Bootstrapping Spring Data MongoDB repositories in DEFAULT mode.
2023-11-07 21:52:35,612 INFO o.s.d.r.c.RepositoryConfigurationDelegate [restartedMain] Finished Spring Data repository scanning in 59 ms. Found 1 MongoDB repository interfaces.
2023-11-07 21:52:36,334 INFO o.s.b.w.e.t.TomcatWebServer [restartedMain] Tomcat initialized with port(s): 8083 (http)
2023-11-07 21:52:36,344 INFO o.a.j.l.DirectJDKLog [restartedMain] Initializing ProtocolHandler ["http-nio-8083"]
2023-11-07 21:52:36,347 INFO o.a.j.l.DirectJDKLog [restartedMain] Starting service [Tomcat]
2023-11-07 21:52:36,348 INFO o.a.j.l.DirectJDKLog [restartedMain] Starting Servlet engine: [Apache Tomcat/10.1.15]
2023-11-07 21:52:36,415 INFO o.a.j.l.DirectJDKLog [restartedMain] Initializing Spring embedded WebApplicationContext
2023-11-07 21:52:36,416 INFO o.s.b.w.s.c.ServletWebServerApplicationContext [restartedMain] Root WebApplicationContext: initialization completed in 1614 ms
2023-11-07 21:52:36,604 INFO c.m.i.d.l.SLF4JLogger [restartedMain] MongoClient with metadata {"driver": {"name": "mongo-java-driver|sync|spring-boot", "version": "4.9.1"}, "os": {"type": "Windows", "name": "Windows 11", "architecture": "amd64", "version": "10.0"}, "platform": "Java/Oracle Corporation/20.0.1+9-29"} created with settings MongoClientSettings{readPreference=primary, writeConcern=WriteConcern{w=null, wTimeout=null ms, journal=null}, retryWrites=true, retryReads=true, readConcern=ReadConcern{level=null}, credential=null, streamFactoryFactory=null, commandListeners=[], codecRegistry=ProvidersCodecRegistry{codecProviders=[ValueCodecProvider{}, BsonValueCodecProvider{}, DBRefCodecProvider{}, DBObjectCodecProvider{}, DocumentCodecProvider{}, CollectionCodecProvider{}, IterableCodecProvider{}, MapCodecProvider{}, GeoJsonCodecProvider{}, GridFSFileCodecProvider{}, Jsr310CodecProvider{}, JsonObjectCodecProvider{}, BsonCodecProvider{}, EnumCodecProvider{}, com.mongodb.client.model.mql.ExpressionCodecProvider@3af35a5d, com.mongodb.Jep395RecordCodecProvider@395b4905]}, loggerSettings=LoggerSettings{maxDocumentLength=1000}, clusterSettings={hosts=[localhost:27017], srvServiceName=mongodb, mode=SINGLE, requiredClusterType=UNKNOWN, requiredReplicaSetName='null', serverSelector='null', clusterListeners='[]', serverSelectionTimeout='30000 ms', localThreshold='30000 ms'}, socketSettings=SocketSettings{connectTimeoutMS=10000, readTimeoutMS=0, receiveBufferSize=0, sendBufferSize=0}, heartbeatSocketSettings=SocketSettings{connectTimeoutMS=10000, readTimeoutMS=10000, receiveBufferSize=0, sendBufferSize=0}, connectionPoolSettings=ConnectionPoolSettings{maxSize=100, minSize=0, maxWaitTimeMS=120000, maxConnectionLifeTimeMS=0, maxConnectionIdleTimeMS=0, maintenanceInitialDelayMS=0, maintenanceFrequencyMS=60000, connectionPoolListeners=[], maxConnecting=2}, serverSettings=ServerSettings{heartbeatFrequencyMS=10000, minHeartbeatFrequencyMS=500, serverListeners='[]', serverMonitorListeners='[]'}, sslSettings=SslSettings{enabled=false, invalidHostNameAllowed=false, context=null}, applicationName='null', compressorList=[], uuidRepresentation=JAVA_LEGACY, serverApi=null, autoEncryptionSettings=null, contextProvider=null}
2023-11-07 21:52:36,638 INFO c.m.i.d.l.SLF4JLogger [cluster-ClusterId{value='654b0604a258594a09b96273', description='null'}-localhost:27017] Monitor thread successfully connected to server with description ServerDescription{address=localhost:27017, type=STANDALONE, state=CONNECTED, ok=true, minWireVersion=0, maxWireVersion=17, maxDocumentSize=16777216, logicalSessionTimeoutMinutes=30, roundTripTimeNanos=21222300}
2023-11-07 21:52:36,804 WARN o.s.b.d.a.OptionalLiveReloadServer [restartedMain] Unable to start LiveReload server
2023-11-07 21:52:38,305 INFO o.a.j.l.DirectJDKLog [restartedMain] Starting ProtocolHandler ["http-nio-8083"]
2023-11-07 21:52:38,334 INFO o.s.b.w.e.t.TomcatWebServer [restartedMain] Tomcat started on port(s): 8083 (http) with context path '/borrowerservice'
2023-11-07 21:52:38,347 INFO o.s.b.StartupInfoLogger [restartedMain] Started BorrowerServiceApplication in 4.219 seconds (process running for 4.768)
2023-11-07 21:52:53,711 INFO o.a.j.l.DirectJDKLog [http-nio-8083-exec-1] Initializing Spring DispatcherServlet 'dispatcherServlet'
2023-11-07 21:52:53,714 INFO o.s.w.s.FrameworkServlet [http-nio-8083-exec-1] Initializing Servlet 'dispatcherServlet'
2023-11-07 21:52:53,716 INFO o.s.w.s.FrameworkServlet [http-nio-8083-exec-1] Completed initialization in 1 ms
2023-11-07 21:53:23,013 INFO c.t.l.b.s.BorrowerService [http-nio-8083-exec-1] Book present and available for borrowing
2023-11-07 21:57:18,327 ERROR c.t.l.b.c.BorrowerController [http-nio-8083-exec-1] Exception in borrowing book - book service is down
2023-11-07 21:57:25,356 INFO o.s.b.StartupInfoLogger [restartedMain] Starting BorrowerServiceApplication using Java 20.0.1 with PID 13176 (C:\Users\emimo\Desktop\Edureka\mid-assessment\borrower-service\target\classes started by Fatima in C:\Users\emimo\Desktop\Edureka\mid-assessment\borrower-service)
2023-11-07 21:57:25,360 INFO o.s.b.SpringApplication [restartedMain] The following 1 profile is active: "local"
2023-11-07 21:57:25,425 INFO o.s.b.l.DeferredLog [restartedMain] Devtools property defaults active! Set 'spring.devtools.add-properties' to 'false' to disable
2023-11-07 21:57:25,425 INFO o.s.b.l.DeferredLog [restartedMain] For additional web related logging consider setting the 'logging.level.web' property to 'DEBUG'
2023-11-07 21:57:26,328 INFO o.s.d.r.c.RepositoryConfigurationDelegate [restartedMain] Bootstrapping Spring Data MongoDB repositories in DEFAULT mode.
2023-11-07 21:57:26,384 INFO o.s.d.r.c.RepositoryConfigurationDelegate [restartedMain] Finished Spring Data repository scanning in 51 ms. Found 1 MongoDB repository interfaces.
2023-11-07 21:57:27,032 INFO o.s.b.w.e.t.TomcatWebServer [restartedMain] Tomcat initialized with port(s): 8083 (http)
2023-11-07 21:57:27,042 INFO o.a.j.l.DirectJDKLog [restartedMain] Initializing ProtocolHandler ["http-nio-8083"]
2023-11-07 21:57:27,047 INFO o.a.j.l.DirectJDKLog [restartedMain] Starting service [Tomcat]
2023-11-07 21:57:27,048 INFO o.a.j.l.DirectJDKLog [restartedMain] Starting Servlet engine: [Apache Tomcat/10.1.15]
2023-11-07 21:57:27,107 INFO o.a.j.l.DirectJDKLog [restartedMain] Initializing Spring embedded WebApplicationContext
2023-11-07 21:57:27,108 INFO o.s.b.w.s.c.ServletWebServerApplicationContext [restartedMain] Root WebApplicationContext: initialization completed in 1681 ms
2023-11-07 21:57:27,325 INFO c.m.i.d.l.SLF4JLogger [restartedMain] MongoClient with metadata {"driver": {"name": "mongo-java-driver|sync|spring-boot", "version": "4.9.1"}, "os": {"type": "Windows", "name": "Windows 11", "architecture": "amd64", "version": "10.0"}, "platform": "Java/Oracle Corporation/20.0.1+9-29"} created with settings MongoClientSettings{readPreference=primary, writeConcern=WriteConcern{w=null, wTimeout=null ms, journal=null}, retryWrites=true, retryReads=true, readConcern=ReadConcern{level=null}, credential=null, streamFactoryFactory=null, commandListeners=[], codecRegistry=ProvidersCodecRegistry{codecProviders=[ValueCodecProvider{}, BsonValueCodecProvider{}, DBRefCodecProvider{}, DBObjectCodecProvider{}, DocumentCodecProvider{}, CollectionCodecProvider{}, IterableCodecProvider{}, MapCodecProvider{}, GeoJsonCodecProvider{}, GridFSFileCodecProvider{}, Jsr310CodecProvider{}, JsonObjectCodecProvider{}, BsonCodecProvider{}, EnumCodecProvider{}, com.mongodb.client.model.mql.ExpressionCodecProvider@7a4317af, com.mongodb.Jep395RecordCodecProvider@302d4915]}, loggerSettings=LoggerSettings{maxDocumentLength=1000}, clusterSettings={hosts=[localhost:27017], srvServiceName=mongodb, mode=SINGLE, requiredClusterType=UNKNOWN, requiredReplicaSetName='null', serverSelector='null', clusterListeners='[]', serverSelectionTimeout='30000 ms', localThreshold='30000 ms'}, socketSettings=SocketSettings{connectTimeoutMS=10000, readTimeoutMS=0, receiveBufferSize=0, sendBufferSize=0}, heartbeatSocketSettings=SocketSettings{connectTimeoutMS=10000, readTimeoutMS=10000, receiveBufferSize=0, sendBufferSize=0}, connectionPoolSettings=ConnectionPoolSettings{maxSize=100, minSize=0, maxWaitTimeMS=120000, maxConnectionLifeTimeMS=0, maxConnectionIdleTimeMS=0, maintenanceInitialDelayMS=0, maintenanceFrequencyMS=60000, connectionPoolListeners=[], maxConnecting=2}, serverSettings=ServerSettings{heartbeatFrequencyMS=10000, minHeartbeatFrequencyMS=500, serverListeners='[]', serverMonitorListeners='[]'}, sslSettings=SslSettings{enabled=false, invalidHostNameAllowed=false, context=null}, applicationName='null', compressorList=[], uuidRepresentation=JAVA_LEGACY, serverApi=null, autoEncryptionSettings=null, contextProvider=null}
2023-11-07 21:57:27,353 INFO c.m.i.d.l.SLF4JLogger [cluster-ClusterId{value='654b0727fe9a5e3a1f90994f', description='null'}-localhost:27017] Monitor thread successfully connected to server with description ServerDescription{address=localhost:27017, type=STANDALONE, state=CONNECTED, ok=true, minWireVersion=0, maxWireVersion=17, maxDocumentSize=16777216, logicalSessionTimeoutMinutes=30, roundTripTimeNanos=16350400}
2023-11-07 21:57:27,462 WARN o.s.b.d.a.OptionalLiveReloadServer [restartedMain] Unable to start LiveReload server
2023-11-07 21:57:29,100 INFO o.a.j.l.DirectJDKLog [restartedMain] Starting ProtocolHandler ["http-nio-8083"]
2023-11-07 21:57:29,129 INFO o.s.b.w.e.t.TomcatWebServer [restartedMain] Tomcat started on port(s): 8083 (http) with context path '/borrowerservice'
2023-11-07 21:57:29,140 INFO o.s.b.StartupInfoLogger [restartedMain] Started BorrowerServiceApplication in 4.384 seconds (process running for 4.991)
2023-11-07 21:57:39,523 INFO o.a.j.l.DirectJDKLog [http-nio-8083-exec-4] Initializing Spring DispatcherServlet 'dispatcherServlet'
2023-11-07 21:57:39,524 INFO o.s.w.s.FrameworkServlet [http-nio-8083-exec-4] Initializing Servlet 'dispatcherServlet'
2023-11-07 21:57:39,525 INFO o.s.w.s.FrameworkServlet [http-nio-8083-exec-4] Completed initialization in 1 ms
2023-11-07 21:57:56,369 INFO c.t.l.b.s.BorrowerService [http-nio-8083-exec-4] Book present and available for borrowing
2023-11-07 21:58:19,475 ERROR c.t.l.b.c.BorrowerController [http-nio-8083-exec-4] Exception in borrowing book - book service is down
2023-11-07 21:58:31,020 INFO o.s.b.StartupInfoLogger [restartedMain] Starting BorrowerServiceApplication using Java 20.0.1 with PID 10244 (C:\Users\emimo\Desktop\Edureka\mid-assessment\borrower-service\target\classes started by Fatima in C:\Users\emimo\Desktop\Edureka\mid-assessment\borrower-service)
2023-11-07 21:58:31,026 INFO o.s.b.SpringApplication [restartedMain] The following 1 profile is active: "local"
2023-11-07 21:58:31,166 INFO o.s.b.l.DeferredLog [restartedMain] Devtools property defaults active! Set 'spring.devtools.add-properties' to 'false' to disable
2023-11-07 21:58:31,167 INFO o.s.b.l.DeferredLog [restartedMain] For additional web related logging consider setting the 'logging.level.web' property to 'DEBUG'
2023-11-07 21:58:32,632 INFO o.s.d.r.c.RepositoryConfigurationDelegate [restartedMain] Bootstrapping Spring Data MongoDB repositories in DEFAULT mode.
2023-11-07 21:58:32,696 INFO o.s.d.r.c.RepositoryConfigurationDelegate [restartedMain] Finished Spring Data repository scanning in 56 ms. Found 1 MongoDB repository interfaces.
2023-11-07 21:58:33,341 INFO o.s.b.w.e.t.TomcatWebServer [restartedMain] Tomcat initialized with port(s): 8083 (http)
2023-11-07 21:58:33,353 INFO o.a.j.l.DirectJDKLog [restartedMain] Initializing ProtocolHandler ["http-nio-8083"]
2023-11-07 21:58:33,357 INFO o.a.j.l.DirectJDKLog [restartedMain] Starting service [Tomcat]
2023-11-07 21:58:33,358 INFO o.a.j.l.DirectJDKLog [restartedMain] Starting Servlet engine: [Apache Tomcat/10.1.15]
2023-11-07 21:58:33,444 INFO o.a.j.l.DirectJDKLog [restartedMain] Initializing Spring embedded WebApplicationContext
2023-11-07 21:58:33,446 INFO o.s.b.w.s.c.ServletWebServerApplicationContext [restartedMain] Root WebApplicationContext: initialization completed in 2276 ms
2023-11-07 21:58:33,747 INFO c.m.i.d.l.SLF4JLogger [restartedMain] MongoClient with metadata {"driver": {"name": "mongo-java-driver|sync|spring-boot", "version": "4.9.1"}, "os": {"type": "Windows", "name": "Windows 11", "architecture": "amd64", "version": "10.0"}, "platform": "Java/Oracle Corporation/20.0.1+9-29"} created with settings MongoClientSettings{readPreference=primary, writeConcern=WriteConcern{w=null, wTimeout=null ms, journal=null}, retryWrites=true, retryReads=true, readConcern=ReadConcern{level=null}, credential=null, streamFactoryFactory=null, commandListeners=[], codecRegistry=ProvidersCodecRegistry{codecProviders=[ValueCodecProvider{}, BsonValueCodecProvider{}, DBRefCodecProvider{}, DBObjectCodecProvider{}, DocumentCodecProvider{}, CollectionCodecProvider{}, IterableCodecProvider{}, MapCodecProvider{}, GeoJsonCodecProvider{}, GridFSFileCodecProvider{}, Jsr310CodecProvider{}, JsonObjectCodecProvider{}, BsonCodecProvider{}, EnumCodecProvider{}, com.mongodb.client.model.mql.ExpressionCodecProvider@1492f739, com.mongodb.Jep395RecordCodecProvider@53b5247]}, loggerSettings=LoggerSettings{maxDocumentLength=1000}, clusterSettings={hosts=[localhost:27017], srvServiceName=mongodb, mode=SINGLE, requiredClusterType=UNKNOWN, requiredReplicaSetName='null', serverSelector='null', clusterListeners='[]', serverSelectionTimeout='30000 ms', localThreshold='30000 ms'}, socketSettings=SocketSettings{connectTimeoutMS=10000, readTimeoutMS=0, receiveBufferSize=0, sendBufferSize=0}, heartbeatSocketSettings=SocketSettings{connectTimeoutMS=10000, readTimeoutMS=10000, receiveBufferSize=0, sendBufferSize=0}, connectionPoolSettings=ConnectionPoolSettings{maxSize=100, minSize=0, maxWaitTimeMS=120000, maxConnectionLifeTimeMS=0, maxConnectionIdleTimeMS=0, maintenanceInitialDelayMS=0, maintenanceFrequencyMS=60000, connectionPoolListeners=[], maxConnecting=2}, serverSettings=ServerSettings{heartbeatFrequencyMS=10000, minHeartbeatFrequencyMS=500, serverListeners='[]', serverMonitorListeners='[]'}, sslSettings=SslSettings{enabled=false, invalidHostNameAllowed=false, context=null}, applicationName='null', compressorList=[], uuidRepresentation=JAVA_LEGACY, serverApi=null, autoEncryptionSettings=null, contextProvider=null}
2023-11-07 21:58:33,798 INFO c.m.i.d.l.SLF4JLogger [cluster-ClusterId{value='654b07697d25a470fff01cd7', description='null'}-localhost:27017] Monitor thread successfully connected to server with description ServerDescription{address=localhost:27017, type=STANDALONE, state=CONNECTED, ok=true, minWireVersion=0, maxWireVersion=17, maxDocumentSize=16777216, logicalSessionTimeoutMinutes=30, roundTripTimeNanos=26770600}
2023-11-07 21:58:33,954 WARN o.s.b.d.a.OptionalLiveReloadServer [restartedMain] Unable to start LiveReload server
2023-11-07 21:58:35,368 INFO o.a.j.l.DirectJDKLog [restartedMain] Starting ProtocolHandler ["http-nio-8083"]
2023-11-07 21:58:35,393 INFO o.s.b.w.e.t.TomcatWebServer [restartedMain] Tomcat started on port(s): 8083 (http) with context path '/borrowerservice'
2023-11-07 21:58:35,402 INFO o.s.b.StartupInfoLogger [restartedMain] Started BorrowerServiceApplication in 5.82 seconds (process running for 6.708)
2023-11-07 21:59:00,051 INFO o.a.j.l.DirectJDKLog [http-nio-8083-exec-1] Initializing Spring DispatcherServlet 'dispatcherServlet'
2023-11-07 21:59:00,054 INFO o.s.w.s.FrameworkServlet [http-nio-8083-exec-1] Initializing Servlet 'dispatcherServlet'
2023-11-07 21:59:00,060 INFO o.s.w.s.FrameworkServlet [http-nio-8083-exec-1] Completed initialization in 4 ms
2023-11-07 21:59:12,678 INFO c.t.l.b.s.BorrowerService [http-nio-8083-exec-1] Book present and available for borrowing
2023-11-07 22:03:50,361 ERROR c.t.l.b.c.BorrowerController [http-nio-8083-exec-1] Exception in borrowing book - book service is down
2023-11-07 22:03:57,138 INFO o.s.b.StartupInfoLogger [restartedMain] Starting BorrowerServiceApplication using Java 20.0.1 with PID 8864 (C:\Users\emimo\Desktop\Edureka\mid-assessment\borrower-service\target\classes started by Fatima in C:\Users\emimo\Desktop\Edureka\mid-assessment\borrower-service)
2023-11-07 22:03:57,144 INFO o.s.b.SpringApplication [restartedMain] The following 1 profile is active: "local"
2023-11-07 22:03:57,292 INFO o.s.b.l.DeferredLog [restartedMain] Devtools property defaults active! Set 'spring.devtools.add-properties' to 'false' to disable
2023-11-07 22:03:57,292 INFO o.s.b.l.DeferredLog [restartedMain] For additional web related logging consider setting the 'logging.level.web' property to 'DEBUG'
2023-11-07 22:03:59,405 INFO o.s.d.r.c.RepositoryConfigurationDelegate [restartedMain] Bootstrapping Spring Data MongoDB repositories in DEFAULT mode.
2023-11-07 22:03:59,476 INFO o.s.d.r.c.RepositoryConfigurationDelegate [restartedMain] Finished Spring Data repository scanning in 63 ms. Found 1 MongoDB repository interfaces.
2023-11-07 22:04:00,962 INFO o.s.b.w.e.t.TomcatWebServer [restartedMain] Tomcat initialized with port(s): 8083 (http)
2023-11-07 22:04:00,988 INFO o.a.j.l.DirectJDKLog [restartedMain] Initializing ProtocolHandler ["http-nio-8083"]
2023-11-07 22:04:00,999 INFO o.a.j.l.DirectJDKLog [restartedMain] Starting service [Tomcat]
2023-11-07 22:04:01,000 INFO o.a.j.l.DirectJDKLog [restartedMain] Starting Servlet engine: [Apache Tomcat/10.1.15]
2023-11-07 22:04:01,164 INFO o.a.j.l.DirectJDKLog [restartedMain] Initializing Spring embedded WebApplicationContext
2023-11-07 22:04:01,167 INFO o.s.b.w.s.c.ServletWebServerApplicationContext [restartedMain] Root WebApplicationContext: initialization completed in 3872 ms
2023-11-07 22:04:01,667 INFO c.m.i.d.l.SLF4JLogger [restartedMain] MongoClient with metadata {"driver": {"name": "mongo-java-driver|sync|spring-boot", "version": "4.9.1"}, "os": {"type": "Windows", "name": "Windows 11", "architecture": "amd64", "version": "10.0"}, "platform": "Java/Oracle Corporation/20.0.1+9-29"} created with settings MongoClientSettings{readPreference=primary, writeConcern=WriteConcern{w=null, wTimeout=null ms, journal=null}, retryWrites=true, retryReads=true, readConcern=ReadConcern{level=null}, credential=null, streamFactoryFactory=null, commandListeners=[], codecRegistry=ProvidersCodecRegistry{codecProviders=[ValueCodecProvider{}, BsonValueCodecProvider{}, DBRefCodecProvider{}, DBObjectCodecProvider{}, DocumentCodecProvider{}, CollectionCodecProvider{}, IterableCodecProvider{}, MapCodecProvider{}, GeoJsonCodecProvider{}, GridFSFileCodecProvider{}, Jsr310CodecProvider{}, JsonObjectCodecProvider{}, BsonCodecProvider{}, EnumCodecProvider{}, com.mongodb.client.model.mql.ExpressionCodecProvider@155eed67, com.mongodb.Jep395RecordCodecProvider@2cac9275]}, loggerSettings=LoggerSettings{maxDocumentLength=1000}, clusterSettings={hosts=[localhost:27017], srvServiceName=mongodb, mode=SINGLE, requiredClusterType=UNKNOWN, requiredReplicaSetName='null', serverSelector='null', clusterListeners='[]', serverSelectionTimeout='30000 ms', localThreshold='30000 ms'}, socketSettings=SocketSettings{connectTimeoutMS=10000, readTimeoutMS=0, receiveBufferSize=0, sendBufferSize=0}, heartbeatSocketSettings=SocketSettings{connectTimeoutMS=10000, readTimeoutMS=10000, receiveBufferSize=0, sendBufferSize=0}, connectionPoolSettings=ConnectionPoolSettings{maxSize=100, minSize=0, maxWaitTimeMS=120000, maxConnectionLifeTimeMS=0, maxConnectionIdleTimeMS=0, maintenanceInitialDelayMS=0, maintenanceFrequencyMS=60000, connectionPoolListeners=[], maxConnecting=2}, serverSettings=ServerSettings{heartbeatFrequencyMS=10000, minHeartbeatFrequencyMS=500, serverListeners='[]', serverMonitorListeners='[]'}, sslSettings=SslSettings{enabled=false, invalidHostNameAllowed=false, context=null}, applicationName='null', compressorList=[], uuidRepresentation=JAVA_LEGACY, serverApi=null, autoEncryptionSettings=null, contextProvider=null}
2023-11-07 22:04:01,736 INFO c.m.i.d.l.SLF4JLogger [cluster-ClusterId{value='654b08b1e48d5832f3e4aca5', description='null'}-localhost:27017] Monitor thread successfully connected to server with description ServerDescription{address=localhost:27017, type=STANDALONE, state=CONNECTED, ok=true, minWireVersion=0, maxWireVersion=17, maxDocumentSize=16777216, logicalSessionTimeoutMinutes=30, roundTripTimeNanos=42760400}
2023-11-07 22:04:02,010 WARN o.s.b.d.a.OptionalLiveReloadServer [restartedMain] Unable to start LiveReload server
2023-11-07 22:04:04,031 INFO o.a.j.l.DirectJDKLog [restartedMain] Starting ProtocolHandler ["http-nio-8083"]
2023-11-07 22:04:04,065 INFO o.s.b.w.e.t.TomcatWebServer [restartedMain] Tomcat started on port(s): 8083 (http) with context path '/borrowerservice'
2023-11-07 22:04:04,077 INFO o.s.b.StartupInfoLogger [restartedMain] Started BorrowerServiceApplication in 7.879 seconds (process running for 8.731)
2023-11-07 22:04:19,081 INFO o.a.j.l.DirectJDKLog [http-nio-8083-exec-2] Initializing Spring DispatcherServlet 'dispatcherServlet'
2023-11-07 22:04:19,087 INFO o.s.w.s.FrameworkServlet [http-nio-8083-exec-2] Initializing Servlet 'dispatcherServlet'
2023-11-07 22:04:19,124 INFO o.s.w.s.FrameworkServlet [http-nio-8083-exec-2] Completed initialization in 35 ms
2023-11-07 22:04:36,109 INFO c.t.l.b.s.BorrowerService [http-nio-8083-exec-2] Book present and available for borrowing
2023-11-07 22:05:21,021 ERROR c.t.l.b.c.BorrowerController [http-nio-8083-exec-2] Exception in borrowing book - book service is down
2023-11-07 22:07:57,313 INFO o.s.b.StartupInfoLogger [restartedMain] Starting BorrowerServiceApplication using Java 20.0.1 with PID 7056 (C:\Users\emimo\Desktop\Edureka\mid-assessment\borrower-service\target\classes started by Fatima in C:\Users\emimo\Desktop\Edureka\mid-assessment\borrower-service)
2023-11-07 22:07:57,317 INFO o.s.b.SpringApplication [restartedMain] The following 1 profile is active: "local"
2023-11-07 22:07:57,390 INFO o.s.b.l.DeferredLog [restartedMain] Devtools property defaults active! Set 'spring.devtools.add-properties' to 'false' to disable
2023-11-07 22:07:57,390 INFO o.s.b.l.DeferredLog [restartedMain] For additional web related logging consider setting the 'logging.level.web' property to 'DEBUG'
2023-11-07 22:07:58,295 INFO o.s.d.r.c.RepositoryConfigurationDelegate [restartedMain] Bootstrapping Spring Data MongoDB repositories in DEFAULT mode.
2023-11-07 22:07:58,400 INFO o.s.d.r.c.RepositoryConfigurationDelegate [restartedMain] Finished Spring Data repository scanning in 93 ms. Found 1 MongoDB repository interfaces.
2023-11-07 22:07:59,039 INFO o.s.b.w.e.t.TomcatWebServer [restartedMain] Tomcat initialized with port(s): 8083 (http)
2023-11-07 22:07:59,048 INFO o.a.j.l.DirectJDKLog [restartedMain] Initializing ProtocolHandler ["http-nio-8083"]
2023-11-07 22:07:59,051 INFO o.a.j.l.DirectJDKLog [restartedMain] Starting service [Tomcat]
2023-11-07 22:07:59,051 INFO o.a.j.l.DirectJDKLog [restartedMain] Starting Servlet engine: [Apache Tomcat/10.1.15]
2023-11-07 22:07:59,110 INFO o.a.j.l.DirectJDKLog [restartedMain] Initializing Spring embedded WebApplicationContext
2023-11-07 22:07:59,111 INFO o.s.b.w.s.c.ServletWebServerApplicationContext [restartedMain] Root WebApplicationContext: initialization completed in 1720 ms
2023-11-07 22:07:59,296 INFO c.m.i.d.l.SLF4JLogger [restartedMain] MongoClient with metadata {"driver": {"name": "mongo-java-driver|sync|spring-boot", "version": "4.9.1"}, "os": {"type": "Windows", "name": "Windows 11", "architecture": "amd64", "version": "10.0"}, "platform": "Java/Oracle Corporation/20.0.1+9-29"} created with settings MongoClientSettings{readPreference=primary, writeConcern=WriteConcern{w=null, wTimeout=null ms, journal=null}, retryWrites=true, retryReads=true, readConcern=ReadConcern{level=null}, credential=null, streamFactoryFactory=null, commandListeners=[], codecRegistry=ProvidersCodecRegistry{codecProviders=[ValueCodecProvider{}, BsonValueCodecProvider{}, DBRefCodecProvider{}, DBObjectCodecProvider{}, DocumentCodecProvider{}, CollectionCodecProvider{}, IterableCodecProvider{}, MapCodecProvider{}, GeoJsonCodecProvider{}, GridFSFileCodecProvider{}, Jsr310CodecProvider{}, JsonObjectCodecProvider{}, BsonCodecProvider{}, EnumCodecProvider{}, com.mongodb.client.model.mql.ExpressionCodecProvider@170e1c1e, com.mongodb.Jep395RecordCodecProvider@6ad01d39]}, loggerSettings=LoggerSettings{maxDocumentLength=1000}, clusterSettings={hosts=[localhost:27017], srvServiceName=mongodb, mode=SINGLE, requiredClusterType=UNKNOWN, requiredReplicaSetName='null', serverSelector='null', clusterListeners='[]', serverSelectionTimeout='30000 ms', localThreshold='30000 ms'}, socketSettings=SocketSettings{connectTimeoutMS=10000, readTimeoutMS=0, receiveBufferSize=0, sendBufferSize=0}, heartbeatSocketSettings=SocketSettings{connectTimeoutMS=10000, readTimeoutMS=10000, receiveBufferSize=0, sendBufferSize=0}, connectionPoolSettings=ConnectionPoolSettings{maxSize=100, minSize=0, maxWaitTimeMS=120000, maxConnectionLifeTimeMS=0, maxConnectionIdleTimeMS=0, maintenanceInitialDelayMS=0, maintenanceFrequencyMS=60000, connectionPoolListeners=[], maxConnecting=2}, serverSettings=ServerSettings{heartbeatFrequencyMS=10000, minHeartbeatFrequencyMS=500, serverListeners='[]', serverMonitorListeners='[]'}, sslSettings=SslSettings{enabled=false, invalidHostNameAllowed=false, context=null}, applicationName='null', compressorList=[], uuidRepresentation=JAVA_LEGACY, serverApi=null, autoEncryptionSettings=null, contextProvider=null}
2023-11-07 22:07:59,329 INFO c.m.i.d.l.SLF4JLogger [cluster-ClusterId{value='654b099faf934f00dc84f1d5', description='null'}-localhost:27017] Monitor thread successfully connected to server with description ServerDescription{address=localhost:27017, type=STANDALONE, state=CONNECTED, ok=true, minWireVersion=0, maxWireVersion=17, maxDocumentSize=16777216, logicalSessionTimeoutMinutes=30, roundTripTimeNanos=15398200}
2023-11-07 22:07:59,449 WARN o.s.b.d.a.OptionalLiveReloadServer [restartedMain] Unable to start LiveReload server
2023-11-07 22:08:00,804 INFO o.a.j.l.DirectJDKLog [restartedMain] Starting ProtocolHandler ["http-nio-8083"]
2023-11-07 22:08:00,833 INFO o.s.b.w.e.t.TomcatWebServer [restartedMain] Tomcat started on port(s): 8083 (http) with context path '/borrowerservice'
2023-11-07 22:08:00,843 INFO o.s.b.StartupInfoLogger [restartedMain] Started BorrowerServiceApplication in 4.283 seconds (process running for 4.979)
2023-11-07 22:08:32,922 INFO o.a.j.l.DirectJDKLog [http-nio-8083-exec-1] Initializing Spring DispatcherServlet 'dispatcherServlet'
2023-11-07 22:08:32,924 INFO o.s.w.s.FrameworkServlet [http-nio-8083-exec-1] Initializing Servlet 'dispatcherServlet'
2023-11-07 22:08:32,933 INFO o.s.w.s.FrameworkServlet [http-nio-8083-exec-1] Completed initialization in 9 ms
2023-11-07 22:08:45,255 INFO c.t.l.b.s.BorrowerService [http-nio-8083-exec-1] Book present and available for borrowing
2023-11-07 22:08:52,652 ERROR c.t.l.b.c.BorrowerController [http-nio-8083-exec-1] Exception in borrowing book - book service is down
